<?xml version="1.0" ?>
<!DOCTYPE coverage
  SYSTEM 'http://cobertura.sourceforge.net/xml/coverage-03.dtd'>
<coverage branch-rate="0" line-rate="1" timestamp="1357661684969" version="3.6">
	<!-- Generated by coverage.py: http://nedbatchelder.com/code/coverage -->
	<packages>
		<package branch-rate="0" complexity="0" line-rate="1" name="">
			<classes>
				<class branch-rate="0" complexity="0" filename="src/zope/configuration/__init__.py" line-rate="1" name="src/zope/configuration/__init__">
					<methods/>
					<lines>
						<line hits="1" number="14"/>
						<line hits="1" number="20"/>
						<line hits="1" number="21"/>
					</lines>
				</class>
				<class branch-rate="0" complexity="0" filename="src/zope/configuration/_compat.py" line-rate="1" name="src/zope/configuration/_compat">
					<methods/>
					<lines>
						<line hits="1" number="14"/>
						<line hits="1" number="16"/>
					</lines>
				</class>
				<class branch-rate="0" complexity="0" filename="src/zope/configuration/config.py" line-rate="1" name="src/zope/configuration/config">
					<methods/>
					<lines>
						<line hits="1" number="14"/>
						<line hits="1" number="16"/>
						<line hits="1" number="17"/>
						<line hits="1" number="18"/>
						<line hits="1" number="19"/>
						<line hits="1" number="21"/>
						<line hits="1" number="22"/>
						<line hits="1" number="23"/>
						<line hits="1" number="24"/>
						<line hits="1" number="25"/>
						<line hits="1" number="26"/>
						<line hits="1" number="27"/>
						<line hits="1" number="29"/>
						<line hits="1" number="30"/>
						<line hits="1" number="31"/>
						<line hits="1" number="32"/>
						<line hits="1" number="33"/>
						<line hits="1" number="34"/>
						<line hits="1" number="35"/>
						<line hits="1" number="36"/>
						<line hits="1" number="37"/>
						<line hits="1" number="38"/>
						<line hits="1" number="41"/>
						<line hits="1" number="42"/>
						<line hits="1" number="43"/>
						<line hits="1" number="45"/>
						<line hits="1" number="48"/>
						<line hits="1" number="94"/>
						<line hits="1" number="95"/>
						<line hits="1" number="96"/>
						<line hits="1" number="97"/>
						<line hits="1" number="99"/>
						<line hits="1" number="102"/>
						<line hits="1" number="104"/>
						<line hits="1" number="105"/>
						<line hits="1" number="107"/>
						<line hits="1" number="108"/>
						<line hits="1" number="110"/>
						<line hits="1" number="112"/>
						<line hits="1" number="113"/>
						<line hits="1" number="116"/>
						<line hits="1" number="118"/>
						<line hits="1" number="119"/>
						<line hits="1" number="120"/>
						<line hits="1" number="121"/>
						<line hits="1" number="123"/>
						<line hits="1" number="125"/>
						<line hits="1" number="126"/>
						<line hits="1" number="129"/>
						<line hits="1" number="130"/>
						<line hits="1" number="131"/>
						<line hits="1" number="132"/>
						<line hits="1" number="133"/>
						<line hits="1" number="134"/>
						<line hits="1" number="135"/>
						<line hits="1" number="136"/>
						<line hits="1" number="137"/>
						<line hits="1" number="142"/>
						<line hits="1" number="145"/>
						<line hits="1" number="147"/>
						<line hits="1" number="148"/>
						<line hits="1" number="150"/>
						<line hits="1" number="151"/>
						<line hits="1" number="152"/>
						<line hits="1" number="153"/>
						<line hits="1" number="155"/>
						<line hits="1" number="156"/>
						<line hits="1" number="159"/>
						<line hits="1" number="161"/>
						<line hits="1" number="164"/>
						<line hits="1" number="165"/>
						<line hits="1" number="166"/>
						<line hits="1" number="167"/>
						<line hits="1" number="169"/>
						<line hits="1" number="170"/>
						<line hits="1" number="171"/>
						<line hits="1" number="172"/>
						<line hits="1" number="174"/>
						<line hits="1" number="175"/>
						<line hits="1" number="178"/>
						<line hits="1" number="181"/>
						<line hits="1" number="183"/>
						<line hits="1" number="184"/>
						<line hits="1" number="189"/>
						<line hits="1" number="191"/>
						<line hits="1" number="192"/>
						<line hits="1" number="193"/>
						<line hits="1" number="195"/>
						<line hits="1" number="196"/>
						<line hits="1" number="198"/>
						<line hits="1" number="199"/>
						<line hits="1" number="200"/>
						<line hits="1" number="202"/>
						<line hits="1" number="204"/>
						<line hits="1" number="210"/>
						<line hits="1" number="211"/>
						<line hits="1" number="212"/>
						<line hits="1" number="213"/>
						<line hits="1" number="215"/>
						<line hits="1" number="223"/>
						<line hits="1" number="224"/>
						<line hits="1" number="225"/>
						<line hits="1" number="226"/>
						<line hits="1" number="227"/>
						<line hits="1" number="229"/>
						<line hits="1" number="239"/>
						<line hits="1" number="240"/>
						<line hits="1" number="242"/>
						<line hits="1" number="244"/>
						<line hits="1" number="245"/>
						<line hits="1" number="247"/>
						<line hits="1" number="248"/>
						<line hits="1" number="250"/>
						<line hits="1" number="262"/>
						<line hits="1" number="264"/>
						<line hits="1" number="269"/>
						<line hits="1" number="271"/>
						<line hits="1" number="276"/>
						<line hits="1" number="279"/>
						<line hits="1" number="284"/>
						<line hits="1" number="285"/>
						<line hits="1" number="286"/>
						<line hits="1" number="289"/>
						<line hits="1" number="291"/>
						<line hits="1" number="292"/>
						<line hits="1" number="293"/>
						<line hits="1" number="294"/>
						<line hits="1" number="295"/>
						<line hits="1" number="297"/>
						<line hits="1" number="299"/>
						<line hits="1" number="300"/>
						<line hits="1" number="301"/>
						<line hits="1" number="302"/>
						<line hits="1" number="304"/>
						<line hits="1" number="305"/>
						<line hits="1" number="306"/>
						<line hits="1" number="308"/>
						<line hits="1" number="309"/>
						<line hits="1" number="310"/>
						<line hits="1" number="311"/>
						<line hits="1" number="313"/>
						<line hits="1" number="314"/>
						<line hits="1" number="315"/>
						<line hits="1" number="317"/>
						<line hits="1" number="319"/>
						<line hits="1" number="320"/>
						<line hits="1" number="323"/>
						<line hits="1" number="324"/>
						<line hits="1" number="325"/>
						<line hits="1" number="326"/>
						<line hits="1" number="328"/>
						<line hits="1" number="329"/>
						<line hits="1" number="330"/>
						<line hits="1" number="331"/>
						<line hits="1" number="332"/>
						<line hits="1" number="333"/>
						<line hits="1" number="335"/>
						<line hits="1" number="336"/>
						<line hits="1" number="337"/>
						<line hits="1" number="338"/>
						<line hits="1" number="341"/>
						<line hits="1" number="342"/>
						<line hits="1" number="344"/>
						<line hits="1" number="345"/>
						<line hits="1" number="347"/>
						<line hits="1" number="348"/>
						<line hits="1" number="349"/>
						<line hits="1" number="351"/>
						<line hits="1" number="352"/>
						<line hits="1" number="354"/>
						<line hits="1" number="355"/>
						<line hits="1" number="357"/>
						<line hits="1" number="362"/>
						<line hits="1" number="363"/>
						<line hits="1" number="364"/>
						<line hits="1" number="365"/>
						<line hits="1" number="366"/>
						<line hits="1" number="367"/>
						<line hits="1" number="368"/>
						<line hits="1" number="369"/>
						<line hits="1" number="370"/>
						<line hits="1" number="371"/>
						<line hits="1" number="374"/>
						<line hits="1" number="375"/>
						<line hits="1" number="376"/>
						<line hits="1" number="377"/>
						<line hits="1" number="378"/>
						<line hits="1" number="379"/>
						<line hits="1" number="382"/>
						<line hits="1" number="385"/>
						<line hits="1" number="386"/>
						<line hits="1" number="388"/>
						<line hits="1" number="391"/>
						<line hits="1" number="392"/>
						<line hits="1" number="400"/>
						<line hits="1" number="408"/>
						<line hits="1" number="420"/>
						<line hits="1" number="424"/>
						<line hits="1" number="425"/>
						<line hits="1" number="436"/>
						<line hits="1" number="437"/>
						<line hits="1" number="438"/>
						<line hits="1" number="439"/>
						<line hits="1" number="440"/>
						<line hits="1" number="441"/>
						<line hits="1" number="443"/>
						<line hits="1" number="444"/>
						<line hits="1" number="446"/>
						<line hits="1" number="451"/>
						<line hits="1" number="452"/>
						<line hits="1" number="453"/>
						<line hits="1" number="454"/>
						<line hits="1" number="456"/>
						<line hits="1" number="457"/>
						<line hits="1" number="458"/>
						<line hits="1" number="459"/>
						<line hits="1" number="461"/>
						<line hits="1" number="462"/>
						<line hits="1" number="464"/>
						<line hits="1" number="465"/>
						<line hits="1" number="467"/>
						<line hits="1" number="473"/>
						<line hits="1" number="474"/>
						<line hits="1" number="475"/>
						<line hits="1" number="476"/>
						<line hits="1" number="477"/>
						<line hits="1" number="479"/>
						<line hits="1" number="480"/>
						<line hits="1" number="482"/>
						<line hits="1" number="483"/>
						<line hits="1" number="495"/>
						<line hits="1" number="496"/>
						<line hits="1" number="498"/>
						<line hits="1" number="499"/>
						<line hits="1" number="500"/>
						<line hits="1" number="501"/>
						<line hits="1" number="502"/>
						<line hits="1" number="503"/>
						<line hits="1" number="504"/>
						<line hits="1" number="505"/>
						<line hits="1" number="507"/>
						<line hits="1" number="508"/>
						<line hits="1" number="509"/>
						<line hits="1" number="511"/>
						<line hits="1" number="512"/>
						<line hits="1" number="513"/>
						<line hits="1" number="514"/>
						<line hits="1" number="515"/>
						<line hits="1" number="516"/>
						<line hits="1" number="517"/>
						<line hits="1" number="518"/>
						<line hits="1" number="520"/>
						<line hits="1" number="521"/>
						<line hits="1" number="524"/>
						<line hits="1" number="525"/>
						<line hits="1" number="535"/>
						<line hits="1" number="536"/>
						<line hits="1" number="537"/>
						<line hits="1" number="538"/>
						<line hits="1" number="539"/>
						<line hits="1" number="542"/>
						<line hits="1" number="543"/>
						<line hits="1" number="545"/>
						<line hits="1" number="549"/>
						<line hits="1" number="550"/>
						<line hits="1" number="551"/>
						<line hits="1" number="552"/>
						<line hits="1" number="553"/>
						<line hits="1" number="554"/>
						<line hits="1" number="555"/>
						<line hits="1" number="557"/>
						<line hits="1" number="561"/>
						<line hits="1" number="562"/>
						<line hits="1" number="563"/>
						<line hits="1" number="564"/>
						<line hits="1" number="565"/>
						<line hits="1" number="566"/>
						<line hits="1" number="567"/>
						<line hits="1" number="568"/>
						<line hits="1" number="570"/>
						<line hits="1" number="572"/>
						<line hits="1" number="573"/>
						<line hits="1" number="574"/>
						<line hits="1" number="575"/>
						<line hits="1" number="581"/>
						<line hits="1" number="582"/>
						<line hits="1" number="588"/>
						<line hits="1" number="589"/>
						<line hits="1" number="590"/>
						<line hits="1" number="591"/>
						<line hits="1" number="593"/>
						<line hits="1" number="595"/>
						<line hits="1" number="597"/>
						<line hits="1" number="598"/>
						<line hits="1" number="600"/>
						<line hits="1" number="601"/>
						<line hits="1" number="603"/>
						<line hits="1" number="604"/>
						<line hits="1" number="609"/>
						<line hits="1" number="613"/>
						<line hits="1" number="617"/>
						<line hits="1" number="624"/>
						<line hits="1" number="625"/>
						<line hits="1" number="628"/>
						<line hits="1" number="629"/>
						<line hits="1" number="638"/>
						<line hits="1" number="642"/>
						<line hits="1" number="647"/>
						<line hits="1" number="652"/>
						<line hits="1" number="656"/>
						<line hits="1" number="661"/>
						<line hits="1" number="669"/>
						<line hits="1" number="673"/>
						<line hits="1" number="682"/>
						<line hits="1" number="683"/>
						<line hits="1" number="684"/>
						<line hits="1" number="686"/>
						<line hits="1" number="687"/>
						<line hits="1" number="688"/>
						<line hits="1" number="690"/>
						<line hits="1" number="691"/>
						<line hits="1" number="693"/>
						<line hits="1" number="701"/>
						<line hits="1" number="702"/>
						<line hits="1" number="703"/>
						<line hits="1" number="705"/>
						<line hits="1" number="706"/>
						<line hits="1" number="707"/>
						<line hits="1" number="708"/>
						<line hits="1" number="709"/>
						<line hits="1" number="710"/>
						<line hits="1" number="712"/>
						<line hits="1" number="713"/>
						<line hits="1" number="716"/>
						<line hits="1" number="717"/>
						<line hits="1" number="720"/>
						<line hits="1" number="721"/>
						<line hits="1" number="726"/>
						<line hits="1" number="728"/>
						<line hits="1" number="729"/>
						<line hits="1" number="730"/>
						<line hits="1" number="732"/>
						<line hits="1" number="733"/>
						<line hits="1" number="736"/>
						<line hits="1" number="737"/>
						<line hits="1" number="740"/>
						<line hits="1" number="745"/>
						<line hits="1" number="748"/>
						<line hits="1" number="756"/>
						<line hits="1" number="759"/>
						<line hits="1" number="760"/>
						<line hits="1" number="761"/>
						<line hits="1" number="767"/>
						<line hits="1" number="780"/>
						<line hits="1" number="781"/>
						<line hits="1" number="782"/>
						<line hits="1" number="783"/>
						<line hits="1" number="784"/>
						<line hits="1" number="785"/>
						<line hits="1" number="786"/>
						<line hits="1" number="788"/>
						<line hits="1" number="789"/>
						<line hits="1" number="790"/>
						<line hits="1" number="791"/>
						<line hits="1" number="793"/>
						<line hits="1" number="794"/>
						<line hits="1" number="795"/>
						<line hits="1" number="796"/>
						<line hits="1" number="798"/>
						<line hits="1" number="800"/>
						<line hits="1" number="801"/>
						<line hits="1" number="802"/>
						<line hits="1" number="803"/>
						<line hits="1" number="804"/>
						<line hits="1" number="805"/>
						<line hits="1" number="807"/>
						<line hits="1" number="809"/>
						<line hits="1" number="810"/>
						<line hits="1" number="811"/>
						<line hits="1" number="812"/>
						<line hits="1" number="813"/>
						<line hits="1" number="814"/>
						<line hits="1" number="816"/>
						<line hits="1" number="817"/>
						<line hits="1" number="819"/>
						<line hits="1" number="824"/>
						<line hits="1" number="826"/>
						<line hits="1" number="827"/>
						<line hits="1" number="828"/>
						<line hits="1" number="829"/>
						<line hits="1" number="840"/>
						<line hits="1" number="842"/>
						<line hits="1" number="854"/>
						<line hits="1" number="855"/>
						<line hits="1" number="856"/>
						<line hits="1" number="857"/>
						<line hits="1" number="859"/>
						<line hits="1" number="865"/>
						<line hits="1" number="866"/>
						<line hits="1" number="874"/>
						<line hits="1" number="876"/>
						<line hits="1" number="879"/>
						<line hits="1" number="880"/>
						<line hits="1" number="882"/>
						<line hits="1" number="883"/>
						<line hits="1" number="886"/>
						<line hits="1" number="888"/>
						<line hits="1" number="895"/>
						<line hits="1" number="896"/>
						<line hits="1" number="897"/>
						<line hits="1" number="899"/>
						<line hits="1" number="900"/>
						<line hits="1" number="901"/>
						<line hits="1" number="902"/>
						<line hits="1" number="903"/>
						<line hits="1" number="907"/>
						<line hits="1" number="908"/>
						<line hits="1" number="910"/>
						<line hits="1" number="912"/>
						<line hits="1" number="913"/>
						<line hits="1" number="915"/>
						<line hits="1" number="916"/>
						<line hits="1" number="919"/>
						<line hits="1" number="922"/>
						<line hits="1" number="924"/>
						<line hits="1" number="925"/>
						<line hits="1" number="944"/>
						<line hits="1" number="951"/>
						<line hits="1" number="953"/>
						<line hits="1" number="954"/>
						<line hits="1" number="959"/>
						<line hits="1" number="966"/>
						<line hits="1" number="975"/>
						<line hits="1" number="984"/>
						<line hits="1" number="992"/>
						<line hits="1" number="1003"/>
						<line hits="1" number="1010"/>
						<line hits="1" number="1020"/>
						<line hits="1" number="1030"/>
					</lines>
				</class>
				<class branch-rate="0" complexity="0" filename="src/zope/configuration/docutils.py" line-rate="1" name="src/zope/configuration/docutils">
					<methods/>
					<lines>
						<line hits="1" number="14"/>
						<line hits="1" number="16"/>
						<line hits="1" number="18"/>
						<line hits="1" number="20"/>
						<line hits="1" number="21"/>
						<line hits="1" number="23"/>
						<line hits="1" number="26"/>
						<line hits="1" number="28"/>
						<line hits="1" number="29"/>
						<line hits="1" number="30"/>
						<line hits="1" number="32"/>
						<line hits="1" number="33"/>
						<line hits="1" number="34"/>
						<line hits="1" number="35"/>
						<line hits="1" number="36"/>
						<line hits="1" number="37"/>
						<line hits="1" number="38"/>
						<line hits="1" number="40"/>
						<line hits="1" number="41"/>
						<line hits="1" number="42"/>
						<line hits="1" number="44"/>
						<line hits="1" number="46"/>
						<line hits="1" number="48"/>
						<line hits="1" number="51"/>
						<line hits="1" number="62"/>
						<line hits="1" number="63"/>
						<line hits="1" number="64"/>
						<line hits="1" number="65"/>
						<line hits="1" number="66"/>
						<line hits="1" number="67"/>
						<line hits="1" number="68"/>
						<line hits="1" number="70"/>
						<line hits="1" number="71"/>
						<line hits="1" number="72"/>
					</lines>
				</class>
				<class branch-rate="0" complexity="0" filename="src/zope/configuration/exceptions.py" line-rate="1" name="src/zope/configuration/exceptions">
					<methods/>
					<lines>
						<line hits="1" number="14"/>
						<line hits="1" number="17"/>
					</lines>
				</class>
				<class branch-rate="0" complexity="0" filename="src/zope/configuration/fields.py" line-rate="1" name="src/zope/configuration/fields">
					<methods/>
					<lines>
						<line hits="1" number="14"/>
						<line hits="1" number="16"/>
						<line hits="1" number="17"/>
						<line hits="1" number="18"/>
						<line hits="1" number="20"/>
						<line hits="1" number="21"/>
						<line hits="1" number="22"/>
						<line hits="1" number="23"/>
						<line hits="1" number="24"/>
						<line hits="1" number="25"/>
						<line hits="1" number="26"/>
						<line hits="1" number="27"/>
						<line hits="1" number="28"/>
						<line hits="1" number="30"/>
						<line hits="1" number="31"/>
						<line hits="1" number="32"/>
						<line hits="1" number="34"/>
						<line hits="1" number="35"/>
						<line hits="1" number="38"/>
						<line hits="1" number="39"/>
						<line hits="1" number="42"/>
						<line hits="1" number="43"/>
						<line hits="1" number="45"/>
						<line hits="1" number="46"/>
						<line hits="1" number="47"/>
						<line hits="1" number="48"/>
						<line hits="1" number="51"/>
						<line hits="1" number="52"/>
						<line hits="1" number="55"/>
						<line hits="1" number="56"/>
						<line hits="1" number="57"/>
						<line hits="1" number="59"/>
						<line hits="1" number="60"/>
						<line hits="1" number="61"/>
						<line hits="1" number="62"/>
						<line hits="1" number="64"/>
						<line hits="1" number="65"/>
						<line hits="1" number="68"/>
						<line hits="1" number="69"/>
						<line hits="1" number="71"/>
						<line hits="1" number="72"/>
						<line hits="1" number="73"/>
						<line hits="1" number="74"/>
						<line hits="1" number="76"/>
						<line hits="1" number="77"/>
						<line hits="1" number="80"/>
						<line hits="1" number="81"/>
						<line hits="1" number="84"/>
						<line hits="1" number="85"/>
						<line hits="1" number="88"/>
						<line hits="1" number="89"/>
						<line hits="1" number="92"/>
						<line hits="1" number="93"/>
						<line hits="1" number="94"/>
						<line hits="1" number="95"/>
						<line hits="1" number="96"/>
						<line hits="1" number="97"/>
						<line hits="1" number="98"/>
						<line hits="1" number="99"/>
						<line hits="1" number="100"/>
						<line hits="1" number="101"/>
						<line hits="1" number="103"/>
						<line hits="1" number="105"/>
						<line hits="1" number="107"/>
						<line hits="1" number="109"/>
						<line hits="1" number="112"/>
						<line hits="1" number="113"/>
						<line hits="1" number="118"/>
						<line hits="1" number="119"/>
						<line hits="1" number="120"/>
						<line hits="1" number="121"/>
						<line hits="1" number="123"/>
						<line hits="1" number="126"/>
						<line hits="1" number="127"/>
						<line hits="1" number="133"/>
						<line hits="1" number="134"/>
						<line hits="1" number="135"/>
						<line hits="1" number="136"/>
						<line hits="1" number="137"/>
						<line hits="1" number="138"/>
						<line hits="1" number="139"/>
						<line hits="1" number="142"/>
						<line hits="1" number="143"/>
						<line hits="1" number="150"/>
						<line hits="1" number="152"/>
						<line hits="1" number="153"/>
						<line hits="1" number="154"/>
						<line hits="1" number="155"/>
						<line hits="1" number="156"/>
						<line hits="1" number="157"/>
						<line hits="1" number="161"/>
						<line hits="1" number="164"/>
						<line hits="1" number="165"/>
						<line hits="1" number="166"/>
						<line hits="1" number="167"/>
						<line hits="1" number="168"/>
						<line hits="1" number="169"/>
						<line hits="1" number="170"/>
						<line hits="1" number="173"/>
						<line hits="1" number="174"/>
						<line hits="1" number="175"/>
						<line hits="1" number="176"/>
						<line hits="1" number="177"/>
						<line hits="1" number="179"/>
						<line hits="1" number="182"/>
						<line hits="1" number="183"/>
						<line hits="1" number="184"/>
						<line hits="1" number="185"/>
						<line hits="1" number="186"/>
						<line hits="1" number="187"/>
						<line hits="1" number="189"/>
					</lines>
				</class>
				<class branch-rate="0" complexity="0" filename="src/zope/configuration/interfaces.py" line-rate="1" name="src/zope/configuration/interfaces">
					<methods/>
					<lines>
						<line hits="1" number="14"/>
						<line hits="1" number="16"/>
						<line hits="1" number="17"/>
						<line hits="1" number="18"/>
						<line hits="1" number="19"/>
						<line hits="1" number="21"/>
						<line hits="1" number="24"/>
						<line hits="1" number="33"/>
						<line hits="1" number="43"/>
						<line hits="1" number="61"/>
						<line hits="1" number="69"/>
						<line hits="1" number="76"/>
						<line hits="1" number="85"/>
						<line hits="1" number="102"/>
						<line hits="1" number="105"/>
						<line hits="1" number="109"/>
						<line hits="1" number="111"/>
						<line hits="1" number="115"/>
					</lines>
				</class>
				<class branch-rate="0" complexity="0" filename="src/zope/configuration/name.py" line-rate="1" name="src/zope/configuration/name">
					<methods/>
					<lines>
						<line hits="1" number="14"/>
						<line hits="1" number="17"/>
						<line hits="1" number="18"/>
						<line hits="1" number="20"/>
						<line hits="1" number="21"/>
						<line hits="1" number="23"/>
						<line hits="1" number="24"/>
						<line hits="1" number="26"/>
						<line hits="1" number="27"/>
						<line hits="1" number="28"/>
						<line hits="1" number="30"/>
						<line hits="1" number="32"/>
						<line hits="1" number="33"/>
						<line hits="1" number="34"/>
						<line hits="1" number="36"/>
						<line hits="1" number="37"/>
						<line hits="1" number="39"/>
						<line hits="1" number="40"/>
						<line hits="1" number="41"/>
						<line hits="1" number="42"/>
						<line hits="1" number="43"/>
						<line hits="1" number="44"/>
						<line hits="1" number="45"/>
						<line hits="1" number="48"/>
						<line hits="1" number="49"/>
						<line hits="1" number="50"/>
						<line hits="1" number="53"/>
						<line hits="1" number="54"/>
						<line hits="1" number="55"/>
						<line hits="1" number="56"/>
						<line hits="1" number="58"/>
						<line hits="1" number="59"/>
						<line hits="1" number="60"/>
						<line hits="1" number="62"/>
						<line hits="1" number="63"/>
						<line hits="1" number="64"/>
						<line hits="1" number="65"/>
						<line hits="1" number="66"/>
						<line hits="1" number="67"/>
						<line hits="1" number="68"/>
						<line hits="1" number="69"/>
						<line hits="1" number="70"/>
						<line hits="1" number="72"/>
						<line hits="1" number="74"/>
						<line hits="1" number="75"/>
						<line hits="1" number="76"/>
						<line hits="1" number="77"/>
						<line hits="1" number="78"/>
						<line hits="1" number="80"/>
						<line hits="1" number="81"/>
						<line hits="1" number="83"/>
						<line hits="1" number="85"/>
						<line hits="1" number="86"/>
						<line hits="1" number="88"/>
					</lines>
				</class>
				<class branch-rate="0" complexity="0" filename="src/zope/configuration/xmlconfig.py" line-rate="1" name="src/zope/configuration/xmlconfig">
					<methods/>
					<lines>
						<line hits="1" number="14"/>
						<line hits="1" number="20"/>
						<line hits="1" number="22"/>
						<line hits="1" number="23"/>
						<line hits="1" number="24"/>
						<line hits="1" number="25"/>
						<line hits="1" number="26"/>
						<line hits="1" number="27"/>
						<line hits="1" number="28"/>
						<line hits="1" number="29"/>
						<line hits="1" number="30"/>
						<line hits="1" number="32"/>
						<line hits="1" number="33"/>
						<line hits="1" number="35"/>
						<line hits="1" number="36"/>
						<line hits="1" number="37"/>
						<line hits="1" number="38"/>
						<line hits="1" number="39"/>
						<line hits="1" number="40"/>
						<line hits="1" number="41"/>
						<line hits="1" number="42"/>
						<line hits="1" number="43"/>
						<line hits="1" number="44"/>
						<line hits="1" number="45"/>
						<line hits="1" number="46"/>
						<line hits="1" number="47"/>
						<line hits="1" number="49"/>
						<line hits="1" number="51"/>
						<line hits="1" number="52"/>
						<line hits="1" number="55"/>
						<line hits="1" number="61"/>
						<line hits="1" number="62"/>
						<line hits="1" number="64"/>
						<line hits="1" number="67"/>
						<line hits="1" number="70"/>
						<line hits="1" number="73"/>
						<line hits="1" number="74"/>
						<line hits="1" number="76"/>
						<line hits="1" number="77"/>
						<line hits="1" number="78"/>
						<line hits="1" number="79"/>
						<line hits="1" number="80"/>
						<line hits="1" number="82"/>
						<line hits="1" number="84"/>
						<line hits="1" number="90"/>
						<line hits="1" number="92"/>
						<line hits="1" number="93"/>
						<line hits="1" number="94"/>
						<line hits="1" number="96"/>
						<line hits="1" number="97"/>
						<line hits="1" number="99"/>
						<line hits="1" number="100"/>
						<line hits="1" number="101"/>
						<line hits="1" number="104"/>
						<line hits="1" number="107"/>
						<line hits="1" number="108"/>
						<line hits="1" number="109"/>
						<line hits="1" number="112"/>
						<line hits="1" number="113"/>
						<line hits="1" number="115"/>
						<line hits="1" number="118"/>
						<line hits="1" number="119"/>
						<line hits="1" number="120"/>
						<line hits="1" number="121"/>
						<line hits="1" number="122"/>
						<line hits="1" number="124"/>
						<line hits="1" number="134"/>
						<line hits="1" number="139"/>
						<line hits="1" number="140"/>
						<line hits="1" number="141"/>
						<line hits="1" number="142"/>
						<line hits="1" number="151"/>
						<line hits="1" number="153"/>
						<line hits="1" number="154"/>
						<line hits="1" number="157"/>
						<line hits="1" number="162"/>
						<line hits="1" number="164"/>
						<line hits="1" number="165"/>
						<line hits="1" number="166"/>
						<line hits="1" number="167"/>
						<line hits="1" number="169"/>
						<line hits="1" number="170"/>
						<line hits="1" number="172"/>
						<line hits="1" number="173"/>
						<line hits="1" number="175"/>
						<line hits="1" number="176"/>
						<line hits="1" number="177"/>
						<line hits="1" number="178"/>
						<line hits="1" number="180"/>
						<line hits="1" number="181"/>
						<line hits="1" number="186"/>
						<line hits="1" number="187"/>
						<line hits="1" number="188"/>
						<line hits="1" number="189"/>
						<line hits="1" number="192"/>
						<line hits="1" number="193"/>
						<line hits="1" number="194"/>
						<line hits="1" number="195"/>
						<line hits="1" number="197"/>
						<line hits="1" number="203"/>
						<line hits="1" number="204"/>
						<line hits="1" number="207"/>
						<line hits="1" number="208"/>
						<line hits="1" number="209"/>
						<line hits="1" number="210"/>
						<line hits="1" number="215"/>
						<line hits="1" number="217"/>
						<line hits="1" number="225"/>
						<line hits="1" number="226"/>
						<line hits="1" number="228"/>
						<line hits="1" number="229"/>
						<line hits="1" number="230"/>
						<line hits="1" number="231"/>
						<line hits="1" number="232"/>
						<line hits="1" number="234"/>
						<line hits="1" number="235"/>
						<line hits="1" number="236"/>
						<line hits="1" number="237"/>
						<line hits="1" number="239"/>
						<line hits="1" number="240"/>
						<line hits="1" number="241"/>
						<line hits="1" number="242"/>
						<line hits="1" number="243"/>
						<line hits="1" number="245"/>
						<line hits="1" number="246"/>
						<line hits="1" number="247"/>
						<line hits="1" number="248"/>
						<line hits="1" number="249"/>
						<line hits="1" number="251"/>
						<line hits="1" number="252"/>
						<line hits="1" number="253"/>
						<line hits="1" number="254"/>
						<line hits="1" number="256"/>
						<line hits="1" number="258"/>
						<line hits="1" number="261"/>
						<line hits="1" number="262"/>
						<line hits="1" number="263"/>
						<line hits="1" number="265"/>
						<line hits="1" number="266"/>
						<line hits="1" number="271"/>
						<line hits="1" number="272"/>
						<line hits="1" number="275"/>
						<line hits="1" number="276"/>
						<line hits="1" number="277"/>
						<line hits="1" number="278"/>
						<line hits="1" number="284"/>
						<line hits="1" number="289"/>
						<line hits="1" number="290"/>
						<line hits="1" number="291"/>
						<line hits="1" number="292"/>
						<line hits="1" number="293"/>
						<line hits="1" number="294"/>
						<line hits="1" number="295"/>
						<line hits="1" number="296"/>
						<line hits="1" number="297"/>
						<line hits="1" number="301"/>
						<line hits="1" number="308"/>
						<line hits="1" number="309"/>
						<line hits="1" number="310"/>
						<line hits="1" number="311"/>
						<line hits="1" number="312"/>
						<line hits="1" number="313"/>
						<line hits="1" number="314"/>
						<line hits="1" number="315"/>
						<line hits="1" number="316"/>
						<line hits="1" number="319"/>
						<line hits="1" number="327"/>
						<line hits="1" number="335"/>
						<line hits="1" number="357"/>
						<line hits="1" number="367"/>
						<line hits="1" number="373"/>
						<line hits="1" number="374"/>
						<line hits="1" number="375"/>
						<line hits="1" number="376"/>
						<line hits="1" number="377"/>
						<line hits="1" number="381"/>
						<line hits="1" number="382"/>
						<line hits="1" number="383"/>
						<line hits="1" number="384"/>
						<line hits="1" number="386"/>
						<line hits="1" number="387"/>
						<line hits="1" number="388"/>
						<line hits="1" number="389"/>
						<line hits="1" number="391"/>
						<line hits="1" number="393"/>
						<line hits="1" number="394"/>
						<line hits="1" number="395"/>
						<line hits="1" number="396"/>
						<line hits="1" number="398"/>
						<line hits="1" number="399"/>
						<line hits="1" number="400"/>
						<line hits="1" number="402"/>
						<line hits="1" number="403"/>
						<line hits="1" number="404"/>
						<line hits="1" number="406"/>
						<line hits="1" number="413"/>
						<line hits="1" number="414"/>
						<line hits="1" number="415"/>
						<line hits="1" number="416"/>
						<line hits="1" number="417"/>
						<line hits="1" number="420"/>
						<line hits="1" number="421"/>
						<line hits="1" number="422"/>
						<line hits="1" number="423"/>
						<line hits="1" number="425"/>
						<line hits="1" number="426"/>
						<line hits="1" number="427"/>
						<line hits="1" number="428"/>
						<line hits="1" number="430"/>
						<line hits="1" number="432"/>
						<line hits="1" number="437"/>
						<line hits="1" number="439"/>
						<line hits="1" number="450"/>
						<line hits="1" number="453"/>
						<line hits="1" number="456"/>
						<line hits="1" number="460"/>
						<line hits="1" number="462"/>
						<line hits="1" number="463"/>
						<line hits="1" number="464"/>
						<line hits="1" number="466"/>
						<line hits="1" number="468"/>
						<line hits="1" number="472"/>
						<line hits="1" number="475"/>
						<line hits="1" number="478"/>
						<line hits="1" number="481"/>
						<line hits="1" number="489"/>
						<line hits="1" number="493"/>
						<line hits="1" number="494"/>
						<line hits="1" number="495"/>
						<line hits="1" number="496"/>
						<line hits="1" number="498"/>
						<line hits="1" number="499"/>
						<line hits="1" number="500"/>
						<line hits="1" number="502"/>
						<line hits="1" number="504"/>
						<line hits="1" number="507"/>
						<line hits="1" number="508"/>
						<line hits="1" number="509"/>
						<line hits="1" number="511"/>
						<line hits="1" number="512"/>
						<line hits="1" number="513"/>
						<line hits="1" number="515"/>
						<line hits="1" number="516"/>
						<line hits="1" number="518"/>
						<line hits="1" number="525"/>
						<line hits="1" number="526"/>
						<line hits="1" number="528"/>
						<line hits="1" number="529"/>
						<line hits="1" number="531"/>
						<line hits="1" number="533"/>
						<line hits="1" number="534"/>
						<line hits="1" number="535"/>
						<line hits="1" number="536"/>
						<line hits="1" number="542"/>
						<line hits="1" number="544"/>
						<line hits="1" number="550"/>
						<line hits="1" number="551"/>
						<line hits="1" number="552"/>
						<line hits="1" number="553"/>
						<line hits="1" number="555"/>
						<line hits="1" number="556"/>
						<line hits="1" number="558"/>
						<line hits="1" number="559"/>
						<line hits="1" number="560"/>
						<line hits="1" number="561"/>
						<line hits="1" number="564"/>
						<line hits="1" number="569"/>
						<line hits="1" number="570"/>
						<line hits="1" number="571"/>
					</lines>
				</class>
				<class branch-rate="0" complexity="0" filename="src/zope/configuration/zopeconfigure.py" line-rate="1" name="src/zope/configuration/zopeconfigure">
					<methods/>
					<lines>
						<line hits="1" number="14"/>
						<line hits="1" number="100"/>
						<line hits="1" number="101"/>
						<line hits="1" number="103"/>
						<line hits="1" number="104"/>
						<line hits="1" number="106"/>
						<line hits="1" number="107"/>
						<line hits="1" number="108"/>
						<line hits="1" number="110"/>
						<line hits="1" number="123"/>
						<line hits="1" number="129"/>
						<line hits="1" number="140"/>
						<line hits="1" number="141"/>
						<line hits="1" number="143"/>
						<line hits="1" number="144"/>
						<line hits="1" number="145"/>
						<line hits="1" number="148"/>
					</lines>
				</class>
			</classes>
		</package>
	</packages>
</coverage>
