<?xml version="1.0" encoding="UTF-8"?><testsuite name="nosetests" tests="322" errors="0" failures="0" skip="3"><testcase classname="test_ella.test_api.test_serialization.TestObjectSerialization" name="test_article_is_properly_serialized" time="0.003"></testcase><testcase classname="test_ella.test_api.test_views.TestCategoryDetail" name="test_category_is_properly_serialized" time="0.039"></testcase><testcase classname="test_ella.test_api.test_views.TestObjectDetail" name="test_article_is_properly_serialized" time="0.025"></testcase><testcase classname="test_ella.test_core.test_boxes.TestPublishableBox" name="test_box_cache_key_is_prefixed_by_objects_key" time="0.017"></testcase><testcase classname="test_ella.test_core.test_boxes.TestPublishableBox" name="test_box_class_is_specific_to_subclass" time="0.016"></testcase><testcase classname="test_ella.test_core.test_boxes.TestPublishableBox" name="test_box_template_path_contains_correct_content_type" time="0.018"></testcase><testcase classname="test_ella.test_core.test_boxes.TestPublishableBox" name="test_box_works_for_any_class" time="0.017"></testcase><testcase classname="test_ella.test_core.test_cache.TestAuthorLH" name="test_gets_added_when_first_listing_is_added" time="0.081"></testcase><testcase classname="test_ella.test_core.test_cache.TestAuthorLH" name="test_gets_removed_when_last_listing_is_deleted" time="0.091"></testcase><testcase classname="test_ella.test_core.test_cache.TestAuthorLH" name="test_listing_save_adds_itself_to_relevant_zsets" time="0.097"></testcase><testcase classname="test_ella.test_core.test_cache.TestAuthorLH" name="test_not_added_when_not_published" time="0.114"></testcase><testcase classname="test_ella.test_core.test_cache.TestAuthorLH" name="test_not_in_zsets_when_no_listings_present" time="0.061"></testcase><testcase classname="test_ella.test_core.test_cache.TestCacheInvalidation" name="test_save_invalidates_object" time="0.011"></testcase><testcase classname="test_ella.test_core.test_cache.TestCacheUtils" name="test_get_article_uses_the_publishable_key_and_0_for_version" time="0.001"></testcase><testcase classname="test_ella.test_core.test_cache.TestCacheUtils" name="test_get_article_uses_the_publishable_key_and_version_from_cache" time="0.001"></testcase><testcase classname="test_ella.test_core.test_cache.TestCacheUtils" name="test_get_many_objects" time="0.005"></testcase><testcase classname="test_ella.test_core.test_cache.TestCacheUtils" name="test_get_many_objects_can_replace_missing_with_none" time="0.003"></testcase><testcase classname="test_ella.test_core.test_cache.TestCacheUtils" name="test_get_many_objects_can_skip" time="0.003"></testcase><testcase classname="test_ella.test_core.test_cache.TestCacheUtils" name="test_get_many_objects_raises_by_default" time="0.002"></testcase><testcase classname="test_ella.test_core.test_cache.TestCacheUtils" name="test_get_many_publishables_will_respect_their_content_type" time="0.022"></testcase><testcase classname="test_ella.test_core.test_cache.TestCacheUtils" name="test_get_publishable_returns_subclass" time="0.018"></testcase><testcase classname="test_ella.test_core.test_cache.TestRedisListings" name="test_access_to_individual_listings" time="0.050"></testcase><testcase classname="test_ella.test_core.test_cache.TestRedisListings" name="test_get_listing_omits_excluded_publishable" time="0.024"></testcase><testcase classname="test_ella.test_core.test_cache.TestRedisListings" name="test_get_listing_uses_data_from_redis" time="0.026"></testcase><testcase classname="test_ella.test_core.test_cache.TestRedisListings" name="test_get_listing_uses_data_from_redis_correctly_for_pagination" time="0.024"></testcase><testcase classname="test_ella.test_core.test_cache.TestRedisListings" name="test_listing_delete_removes_itself_from_redis" time="0.052"></testcase><testcase classname="test_ella.test_core.test_cache.TestRedisListings" name="test_listing_gets_removed_when_publishable_goes_unpublished" time="0.064"></testcase><testcase classname="test_ella.test_core.test_cache.TestRedisListings" name="test_listing_gets_removed_when_publishable_marked_unpublished_even_if_not_published_yet" time="0.094"></testcase><testcase classname="test_ella.test_core.test_cache.TestRedisListings" name="test_listing_save_adds_itself_to_relevant_zsets" time="0.046"></testcase><testcase classname="test_ella.test_core.test_cache.TestRedisListings" name="test_listings_dont_propagate_where_they_shouldnt" time="0.051"></testcase><testcase classname="test_ella.test_core.test_cache.TestRedisListings" name="test_redis_lh_slicing" time="0.060"></testcase><testcase classname="test_ella.test_core.test_cache.TestRedisListings" name="test_redis_listing_handler_used_from_view_when_requested" time="0.028"></testcase><testcase classname="test_ella.test_core.test_cache.TestRedisListings" name="test_time_based_lh_slicing" time="0.056"></testcase><testcase classname="test_ella.test_core.test_cache.TestSlidingListings" name="test_add_publishable_pushes_to_day_and_global_keys" time="0.025"></testcase><testcase classname="test_ella.test_core.test_cache.TestSlidingListings" name="test_regenerate_removes_old_slots" time="0.026"></testcase><testcase classname="test_ella.test_core.test_cache.TestSlidingListings" name="test_remove_publishable_clears_all_windows" time="0.025"></testcase><testcase classname="test_ella.test_core.test_cache.TestSlidingListings" name="test_slide_windows_regenerates_aggregates" time="0.026"></testcase><testcase classname="test_ella.test_core.test_cache" name="test_normalize_key_doesnt_touch_short_key" time="0.000"></testcase><testcase classname="test_ella.test_core.test_cache" name="test_normalize_key_md5s_long_key" time="0.000"></testcase><testcase classname="test_ella.test_core.test_category.TestCategory" name="test_category_rename_children" time="0.021"></testcase><testcase classname="test_ella.test_core.test_category.TestCategory" name="test_category_rename_tree_path" time="0.020"></testcase><testcase classname="test_ella.test_core.test_category.TestCategory" name="test_category_url" time="0.010"></testcase><testcase classname="test_ella.test_core.test_category.TestCategory" name="test_get_children" time="0.011"></testcase><testcase classname="test_ella.test_core.test_category.TestCategory" name="test_get_children_recursive" time="0.011"></testcase><testcase classname="test_ella.test_core.test_category.TestCategory" name="test_main_parent_nested" time="0.014"></testcase><testcase classname="test_ella.test_core.test_category.TestCategory" name="test_main_parent_nested_second_level" time="0.011"></testcase><testcase classname="test_ella.test_core.test_category.TestCategory" name="test_main_parent_nested_third" time="0.013"></testcase><testcase classname="test_ella.test_core.test_category.TestCategory" name="test_proper_firstlevel_path" time="0.012"></testcase><testcase classname="test_ella.test_core.test_category.TestCategory" name="test_proper_parent" time="0.010"></testcase><testcase classname="test_ella.test_core.test_category.TestCategory" name="test_proper_root_path" time="0.010"></testcase><testcase classname="test_ella.test_core.test_category.TestCategory" name="test_proper_secondlevel_path" time="0.012"></testcase><testcase classname="test_ella.test_core.test_category.TestCategory" name="test_root_url" time="0.012"></testcase><testcase classname="test_ella.test_core.test_category.TestCategory" name="test_slug_can_start_with_number" time="0.017"></testcase><testcase classname="test_ella.test_core.test_category.TestCategory" name="test_slug_cannot_start_as_publishable_url" time="0.023"></testcase><testcase classname="test_ella.test_core.test_custom_urls.TestCustomDetailRegistration" name="test_call_custom_detail_simple_success" time="0.000"></testcase><testcase classname="test_ella.test_core.test_custom_urls.TestCustomDetailRegistration" name="test_no_view_available_without_registration" time="0.000"></testcase><testcase classname="test_ella.test_core.test_custom_urls.TestCustomDetailRegistration" name="test_registration_success" time="0.000"></testcase><testcase classname="test_ella.test_core.test_custom_urls.TestCustomObjectDetailCallView" name="test_404_raised_for_nonexitant_url" time="0.015"></testcase><testcase classname="test_ella.test_core.test_custom_urls.TestCustomObjectDetailCallView" name="test_view_with_args_called_correctly" time="0.016"></testcase><testcase classname="test_ella.test_core.test_custom_urls.TestCustomObjectDetailCallView" name="test_view_with_kwargs_called_correctly" time="0.018"></testcase><testcase classname="test_ella.test_core.test_custom_urls.TestCustomObjectDetailCallView" name="test_view_with_no_args_called_correctly" time="0.014"></testcase><testcase classname="test_ella.test_core.test_custom_urls.TestCustomObjectDetailResolver" name="test_raises_404_for_incorrect_url" time="0.017"></testcase><testcase classname="test_ella.test_core.test_custom_urls.TestCustomObjectDetailResolver" name="test_raises_404_for_url_registered_for_different_model_only" time="0.019"></testcase><testcase classname="test_ella.test_core.test_custom_urls.TestCustomObjectDetailResolver" name="test_resolves_empty_url" time="0.016"></testcase><testcase classname="test_ella.test_core.test_custom_urls.TestCustomObjectDetailResolver" name="test_resolves_url_registered_for_one_model" time="0.015"></testcase><testcase classname="test_ella.test_core.test_custom_urls.TestCustomObjectDetailResolver" name="test_resolves_url_with_arg" time="0.015"></testcase><testcase classname="test_ella.test_core.test_custom_urls.TestCustomObjectDetailResolver" name="test_resolves_url_with_kwarg" time="0.022"></testcase><testcase classname="test_ella.test_core.test_custom_urls.TestCustomObjectDetailResolver" name="test_resolves_url_without_start" time="0.018"></testcase><testcase classname="test_ella.test_core.test_custom_urls.TestCustomObjectDetailReverse" name="test_doesnt_find_url_if_registered_for_different_model_only" time="0.015"></testcase><testcase classname="test_ella.test_core.test_custom_urls.TestCustomObjectDetailReverse" name="test_works_if_registered_for_one_model" time="0.015"></testcase><testcase classname="test_ella.test_core.test_custom_urls.TestCustomObjectDetailReverse" name="test_works_with_args" time="0.016"></testcase><testcase classname="test_ella.test_core.test_custom_urls.TestCustomObjectDetailReverse" name="test_works_with_kwargs" time="0.018"></testcase><testcase classname="test_ella.test_core.test_custom_urls.TestCustomObjectDetailReverse" name="test_works_without_args" time="0.015"></testcase><testcase classname="test_ella.test_core.test_custom_urls.TestCustomURLTemplateTag" name="test_view_with_args_resolves" time="0.018"></testcase><testcase classname="test_ella.test_core.test_custom_urls.TestCustomURLTemplateTag" name="test_view_with_kwargs_resolves" time="0.015"></testcase><testcase classname="test_ella.test_core.test_custom_urls.TestCustomURLTemplateTag" name="test_view_with_no_args_resolves" time="0.017"></testcase><testcase classname="test_ella.test_core.test_custom_urls.TestObjectDetail" name="test_404_returned_when_view_not_registered" time="0.026"></testcase><testcase classname="test_ella.test_core.test_custom_urls.TestObjectDetail" name="test_categories_can_also_have_custom_defail" time="0.024"></testcase><testcase classname="test_ella.test_core.test_custom_urls.TestObjectDetail" name="test_custom_detail_view_called_when_registered" time="0.022"></testcase><testcase classname="test_ella.test_core.test_custom_urls.TestObjectDetail" name="test_custom_view_called_when_registered" time="0.025"></testcase><testcase classname="test_ella.test_core.test_custom_urls.TestObjectDetail" name="test_custom_view_called_when_registered_witth_args" time="0.025"></testcase><testcase classname="test_ella.test_core.test_feeds.TestFeeds" name="test_atom" time="0.197"></testcase><testcase classname="test_ella.test_core.test_feeds.TestFeeds" name="test_box_rss_description_can_override_rss_description" time="0.044"></testcase><testcase classname="test_ella.test_core.test_feeds.TestFeeds" name="test_description_defaults_to_category_title" time="0.047"></testcase><testcase classname="test_ella.test_core.test_feeds.TestFeeds" name="test_description_uses_app_data_when_set" time="0.046"></testcase><testcase classname="test_ella.test_core.test_feeds.TestFeeds" name="test_get_enclosure_returns_none_when_no_image_set" time="0.055"></testcase><testcase classname="test_ella.test_core.test_feeds.TestFeeds" name="test_get_enclosure_uses_formated_photo_when_format_available" time="0.092"></testcase><testcase classname="test_ella.test_core.test_feeds.TestFeeds" name="test_get_enclosure_uses_optional_hook_on_publishable" time="0.043"></testcase><testcase classname="test_ella.test_core.test_feeds.TestFeeds" name="test_guid_is_set_properly" time="0.050"></testcase><testcase classname="test_ella.test_core.test_feeds.TestFeeds" name="test_guids_set_properly_in_rss" time="0.072"></testcase><testcase classname="test_ella.test_core.test_feeds.TestFeeds" name="test_item_description_defaults_to_publishable_description" time="0.046"></testcase><testcase classname="test_ella.test_core.test_feeds.TestFeeds" name="test_no_enclosure_when_format_not_set" time="0.060"></testcase><testcase classname="test_ella.test_core.test_feeds.TestFeeds" name="test_rss" time="0.070"></testcase><testcase classname="test_ella.test_core.test_feeds.TestFeeds" name="test_title_defaults_to_category_title" time="0.047"></testcase><testcase classname="test_ella.test_core.test_feeds.TestFeeds" name="test_title_uses_app_data_when_set" time="0.047"></testcase><testcase classname="test_ella.test_core.test_listing.TestListing" name="test_excluded_publishable_wont_show" time="0.058"></testcase><testcase classname="test_ella.test_core.test_listing.TestListing" name="test_get_listing_ALL_without_limited_categories" time="0.064"></testcase><testcase classname="test_ella.test_core.test_listing.TestListing" name="test_get_listing_IMMEDIATE_without_limited_categories" time="0.061"></testcase><testcase classname="test_ella.test_core.test_listing.TestListing" name="test_get_listing_empty" time="0.056"></testcase><testcase classname="test_ella.test_core.test_listing.TestListing" name="test_get_listing_with_all_children" time="0.057"></testcase><testcase classname="test_ella.test_core.test_listing.TestListing" name="test_get_listing_with_all_children_no_duplicates" time="0.063"></testcase><testcase classname="test_ella.test_core.test_listing.TestListing" name="test_get_listing_with_immediate_children" time="0.064"></testcase><testcase classname="test_ella.test_core.test_listing.TestListing" name="test_get_listing_with_immediate_children_no_duplicates" time="0.070"></testcase><testcase classname="test_ella.test_core.test_listing.TestListing" name="test_inactive_listings_wont_show" time="0.067"></testcase><testcase classname="test_ella.test_core.test_listing.TestListing" name="test_listing_only_contains_published_items" time="0.074"></testcase><testcase classname="test_ella.test_core.test_listing.TestListing" name="test_nested_listings" time="0.097"></testcase><testcase classname="test_ella.test_core.test_listing.TestListing" name="test_queryset_wrapper_can_get_individual_listings" time="0.058"></testcase><testcase classname="test_ella.test_core.test_publishable.TestLastUpdated" name="test_last_updated_isnt_moved_if_changed" time="0.028"></testcase><testcase classname="test_ella.test_core.test_publishable.TestLastUpdated" name="test_last_updated_moved_if_default" time="0.029"></testcase><testcase classname="test_ella.test_core.test_publishable.TestPublishableHelpers" name="test_app_data" time="0.024"></testcase><testcase classname="test_ella.test_core.test_publishable.TestPublishableHelpers" name="test_domain_url" time="0.018"></testcase><testcase classname="test_ella.test_core.test_publishable.TestPublishableHelpers" name="test_saving_base_publishable_does_not_update_content_type" time="0.020"></testcase><testcase classname="test_ella.test_core.test_publishable.TestPublishableHelpers" name="test_tz_aware_url" time="0.017"><skipped type="unittest.case.SkipTest" message=""><![CDATA[SkipTest
]]></skipped></testcase><testcase classname="test_ella.test_core.test_publishable.TestPublishableHelpers" name="test_url" time="0.015"></testcase><testcase classname="test_ella.test_core.test_publishable.TestRedirects" name="test_ability_to_place_back_and_forth" time="0.056"></testcase><testcase classname="test_ella.test_core.test_publishable.TestRedirects" name="test_url_change_creates_redirect" time="0.028"></testcase><testcase classname="test_ella.test_core.test_publishable.TestRedirects" name="test_url_change_updates_existing_redirects" time="0.030"></testcase><testcase classname="test_ella.test_core.test_publishable.TestSignals" name="test_generate_doesnt_issue_signal_twice" time="0.021"></testcase><testcase classname="test_ella.test_core.test_publishable.TestSignals" name="test_generate_picks_up_on_publish" time="0.040"></testcase><testcase classname="test_ella.test_core.test_publishable.TestSignals" name="test_generate_picks_up_on_takedown" time="0.035"></testcase><testcase classname="test_ella.test_core.test_publishable.TestSignals" name="test_publishable_is_announced_on_save" time="0.015"></testcase><testcase classname="test_ella.test_core.test_publishable.TestSignals" name="test_unpublish_sent_when_takedown_occurs" time="0.029"></testcase><testcase classname="test_ella.test_core.test_publishable.TestUrl" name="test_home_url" time="0.030"></testcase><testcase classname="test_ella.test_core.test_publishable.TestUrl" name="test_unique_url_validation" time="0.020"></testcase><testcase classname="test_ella.test_core.test_publishable.TestUrl" name="test_url" time="0.016"></testcase><testcase classname="test_ella.test_core.test_publishable.TestUrl" name="test_url_is_tested_for_published_objects_only" time="0.017"></testcase><testcase classname="test_ella.test_core.test_publishable.TestUrl" name="test_url_on_other_site" time="0.032"></testcase><testcase classname="test_ella.test_core.test_related.TestDefaultRelatedFinder" name="test_returns_at_most_count_objects" time="0.055"></testcase><testcase classname="test_ella.test_core.test_related.TestDefaultRelatedFinder" name="test_returns_empty_if_no_object_of_given_model_is_available" time="0.057"></testcase><testcase classname="test_ella.test_core.test_related.TestDefaultRelatedFinder" name="test_returns_manual_objects_first" time="0.053"></testcase><testcase classname="test_ella.test_core.test_related.TestDefaultRelatedFinder" name="test_returns_manual_objects_of_correct_model_type_first" time="0.056"></testcase><testcase classname="test_ella.test_core.test_related.TestDefaultRelatedFinder" name="test_returns_only_manual_objects_when_direct_finder_specified" time="0.047"></testcase><testcase classname="test_ella.test_core.test_related.TestDefaultRelatedFinder" name="test_returns_publishables_listed_in_same_cat_if_no_related" time="0.055"></testcase><testcase classname="test_ella.test_core.test_related.TestDefaultRelatedFinder" name="test_returns_unique_objects" time="0.067"></testcase><testcase classname="test_ella.test_core.test_related.TestDefaultRelatedFinder" name="test_returns_unique_objects_or_shorter_list_if_not_available" time="0.054"></testcase><testcase classname="test_ella.test_core.test_related.TestRelatedTagParser" name="test_finder_is_defined_before_model_specs" time="0.000"></testcase><testcase classname="test_ella.test_core.test_related.TestRelatedTagParser" name="test_limit_bu_model" time="0.000"></testcase><testcase classname="test_ella.test_core.test_related.TestRelatedTagParser" name="test_limit_bu_more_models" time="0.000"></testcase><testcase classname="test_ella.test_core.test_related.TestRelatedTagParser" name="test_limit_bu_more_models_with_space" time="0.000"></testcase><testcase classname="test_ella.test_core.test_related.TestRelatedTagParser" name="test_limit_bu_more_models_with_spaces_around_comma" time="0.000"></testcase><testcase classname="test_ella.test_core.test_related.TestRelatedTagParser" name="test_minimal_args" time="0.000"></testcase><testcase classname="test_ella.test_core.test_templatetags.TestBoxTag" name="test_box_for_empty_object_renders_empty" time="0.000"></testcase><testcase classname="test_ella.test_core.test_templatetags.TestBoxTag" name="test_box_wirks_with_variable_instead_of_lookup" time="0.002"></testcase><testcase classname="test_ella.test_core.test_templatetags.TestBoxTag" name="test_params_are_parsed" time="0.002"></testcase><testcase classname="test_ella.test_core.test_templatetags.TestBoxTag" name="test_renders_correct_template" time="0.002"></testcase><testcase classname="test_ella.test_core.test_templatetags.TestBoxTagParser" name="test_parse_box_for_varname" time="0.000"></testcase><testcase classname="test_ella.test_core.test_templatetags.TestBoxTagParser" name="test_parse_box_with_pk" time="0.000"></testcase><testcase classname="test_ella.test_core.test_templatetags.TestBoxTagParser" name="test_parse_box_with_slug" time="0.000"></testcase><testcase classname="test_ella.test_core.test_templatetags.TestBoxTagParser" name="test_parse_raises_on_incorrect_arguments" time="0.000"></testcase><testcase classname="test_ella.test_core.test_templatetags.TestBoxTagParser" name="test_parse_raises_on_too_few_arguments" time="0.000"></testcase><testcase classname="test_ella.test_core.test_templatetags.TestBoxTagParser" name="test_parse_raises_on_too_many_arguments" time="0.000"></testcase><testcase classname="test_ella.test_core.test_templatetags.TestBoxTagParser" name="test_parse_return_empty_node_on_incorrect_model" time="0.000"></testcase><testcase classname="test_ella.test_core.test_templatetags.TestListingTag" name="test_get_listing" time="0.056"></testcase><testcase classname="test_ella.test_core.test_templatetags.TestListingTag" name="test_get_listing_with_immediate_children" time="0.058"></testcase><testcase classname="test_ella.test_core.test_templatetags.TestListingTag" name="test_get_listing_with_immediate_children_and_offset" time="0.060"></testcase><testcase classname="test_ella.test_core.test_templatetags.TestListingTag" name="test_get_listing_with_immediate_children_offset_and_count" time="0.060"></testcase><testcase classname="test_ella.test_core.test_templatetags.TestListingTag" name="test_get_listing_without_a_publishable" time="0.056"></testcase><testcase classname="test_ella.test_core.test_templatetags.TestListingTagParser" name="test_ct_with_desc_using" time="0.012"></testcase><testcase classname="test_ella.test_core.test_templatetags.TestListingTagParser" name="test_limit_bu_more_models" time="0.011"></testcase><testcase classname="test_ella.test_core.test_templatetags.TestListingTagParser" name="test_limit_bu_more_models_space" time="0.011"></testcase><testcase classname="test_ella.test_core.test_templatetags.TestListingTagParser" name="test_limit_bu_more_models_space_around_comma" time="0.016"></testcase><testcase classname="test_ella.test_core.test_templatetags.TestListingTagParser" name="test_limit_by_category" time="0.015"></testcase><testcase classname="test_ella.test_core.test_templatetags.TestListingTagParser" name="test_limit_by_category_with_children" time="0.014"></testcase><testcase classname="test_ella.test_core.test_templatetags.TestListingTagParser" name="test_limit_by_category_with_descendents" time="0.013"></testcase><testcase classname="test_ella.test_core.test_templatetags.TestListingTagParser" name="test_limit_by_model" time="0.013"></testcase><testcase classname="test_ella.test_core.test_templatetags.TestListingTagParser" name="test_minimal_args" time="0.012"></testcase><testcase classname="test_ella.test_core.test_templatetags.TestListingTagParser" name="test_offset" time="0.013"></testcase><testcase classname="test_ella.test_core.test_templatetags.TestPaginate" name="test_adjacent_places_get_passed_from_template" time="0.001"></testcase><testcase classname="test_ella.test_core.test_templatetags.TestPaginate" name="test_all_querysting_is_included" time="0.001"></testcase><testcase classname="test_ella.test_core.test_templatetags.TestPaginate" name="test_always_include_given_number_of_pages" time="0.000"></testcase><testcase classname="test_ella.test_core.test_templatetags.TestPaginate" name="test_dont_fail_on_missing_page" time="0.000"></testcase><testcase classname="test_ella.test_core.test_templatetags.TestPaginate" name="test_proper_template_gets_rendered" time="0.000"></testcase><testcase classname="test_ella.test_core.test_templatetags.TestPaginate" name="test_proper_template_gets_rendered_via_kwargs" time="0.000"><skipped type="unittest.case.SkipTest" message=""><![CDATA[SkipTest
]]></skipped></testcase><testcase classname="test_ella.test_core.test_templatetags.TestRenderTag" name="test_does_not_escape_output" time="0.000"></testcase><testcase classname="test_ella.test_core.test_templatetags.TestRenderTag" name="test_fail_silently_on_empty_var" time="0.000"></testcase><testcase classname="test_ella.test_core.test_templatetags.TestRenderTag" name="test_raises_error_on_more_args" time="0.000"></testcase><testcase classname="test_ella.test_core.test_templatetags.TestRenderTag" name="test_raises_error_on_no_args" time="0.000"></testcase><testcase classname="test_ella.test_core.test_templatetags.TestRenderTag" name="test_renders_nested_var" time="0.000"></testcase><testcase classname="test_ella.test_core.test_templatetags.TestRenderTag" name="test_renders_var" time="0.000"></testcase><testcase classname="test_ella.test_core.test_templatetags.TestRenderTag" name="test_renders_var_in_context" time="0.000"></testcase><testcase classname="test_ella.test_core.test_view_helpers.TestCategoryDetail" name="test_returns_category_by_tree_path" time="0.027"></testcase><testcase classname="test_ella.test_core.test_view_helpers.TestCategoryDetail" name="test_returns_home_page_with_no_args" time="0.022"></testcase><testcase classname="test_ella.test_core.test_view_helpers.TestCategoryDetail" name="test_returns_nested_category_by_tree_path" time="0.025"></testcase><testcase classname="test_ella.test_core.test_view_helpers.TestGetContentType" name="test_by_brute_force" time="0.001"></testcase><testcase classname="test_ella.test_core.test_view_helpers.TestGetContentType" name="test_raises_404_on_non_existing_model" time="0.001"></testcase><testcase classname="test_ella.test_core.test_view_helpers.TestListContentType" name="test_only_category_and_year_returns_all_listings" time="0.054"></testcase><testcase classname="test_ella.test_core.test_view_helpers.TestListContentType" name="test_only_nested_category_and_year_returns_all_listings" time="0.063"></testcase><testcase classname="test_ella.test_core.test_view_helpers.TestListContentType" name="test_raises404_for_incorrect_category" time="0.058"></testcase><testcase classname="test_ella.test_core.test_view_helpers.TestListContentType" name="test_raises404_for_incorrect_date" time="0.049"></testcase><testcase classname="test_ella.test_core.test_view_helpers.TestListContentType" name="test_raises404_for_incorrect_day" time="0.045"></testcase><testcase classname="test_ella.test_core.test_view_helpers.TestListContentType" name="test_raises404_for_incorrect_month" time="0.046"></testcase><testcase classname="test_ella.test_core.test_view_helpers.TestListContentType" name="test_raises404_for_incorrect_page" time="0.051"></testcase><testcase classname="test_ella.test_core.test_view_helpers.TestListContentType" name="test_return_first_2_listings_if_paginate_by_2" time="0.062"></testcase><testcase classname="test_ella.test_core.test_view_helpers.TestListContentType" name="test_return_second_2_listings_if_paginate_by_2_and_page_2" time="0.055"></testcase><testcase classname="test_ella.test_core.test_view_helpers.TestListContentType" name="test_returns_empty_list_if_no_listing_found" time="0.050"></testcase><testcase classname="test_ella.test_core.test_view_helpers.TestObjectDetail" name="test_doesnt_match_placement_if_date_is_not_supplied" time="0.017"></testcase><testcase classname="test_ella.test_core.test_view_helpers.TestObjectDetail" name="test_doesnt_match_static_placement_if_date_is_supplied" time="0.032"></testcase><testcase classname="test_ella.test_core.test_view_helpers.TestObjectDetail" name="test_matches_static_placement_if_date_is_not_supplied" time="0.033"></testcase><testcase classname="test_ella.test_core.test_view_helpers.TestObjectDetail" name="test_raises_404_on_incorrect_category" time="0.017"></testcase><testcase classname="test_ella.test_core.test_view_helpers.TestObjectDetail" name="test_raises_404_on_incorrect_date" time="0.018"></testcase><testcase classname="test_ella.test_core.test_view_helpers.TestObjectDetail" name="test_raises_404_on_incorrect_slug" time="0.019"></testcase><testcase classname="test_ella.test_core.test_view_helpers.TestObjectDetail" name="test_raises_404_on_wrong_category" time="0.020"></testcase><testcase classname="test_ella.test_core.test_view_helpers.TestObjectDetail" name="test_raises_wrong_url_on_missing_category" time="0.031"></testcase><testcase classname="test_ella.test_core.test_view_helpers.TestObjectDetail" name="test_raises_wrong_url_on_not_static" time="0.020"></testcase><testcase classname="test_ella.test_core.test_view_helpers.TestObjectDetail" name="test_raises_wrong_url_on_wong_category" time="0.032"></testcase><testcase classname="test_ella.test_core.test_view_helpers.TestObjectDetail" name="test_raises_wrong_url_on_wong_slug" time="0.032"></testcase><testcase classname="test_ella.test_core.test_view_helpers.TestObjectDetail" name="test_returns_correct_context" time="0.021"></testcase><testcase classname="test_ella.test_core.test_views.TestAuthorView" name="test_author_view" time="0.071"></testcase><testcase classname="test_ella.test_core.test_views.TestCategoryDetail" name="test_category_template_is_used_in_view" time="0.025"></testcase><testcase classname="test_ella.test_core.test_views.TestCategoryDetail" name="test_fail_on_no_template" time="0.033"></testcase><testcase classname="test_ella.test_core.test_views.TestCategoryDetail" name="test_homepage_context" time="0.023"></testcase><testcase classname="test_ella.test_core.test_views.TestCategoryDetail" name="test_second_nested_category_view" time="0.025"></testcase><testcase classname="test_ella.test_core.test_views.TestCategoryDetail" name="test_second_nested_template_overloading" time="0.027"></testcase><testcase classname="test_ella.test_core.test_views.TestCategoryDetail" name="test_signals_fired_for_homepage" time="0.026"></testcase><testcase classname="test_ella.test_core.test_views.TestCategoryDetail" name="test_template_overloading" time="0.022"></testcase><testcase classname="test_ella.test_core.test_views.TestEmptyHomepage" name="test_404_is_shown_on_debug_off" time="0.006"></testcase><testcase classname="test_ella.test_core.test_views.TestEmptyHomepage" name="test_welcome_page_is_shown_as_hompage_on_debug" time="0.006"></testcase><testcase classname="test_ella.test_core.test_views.TestGetTemplates" name="test_first_nested_uses_only_path" time="0.016"></testcase><testcase classname="test_ella.test_core.test_views.TestGetTemplates" name="test_homepage_uses_only_path" time="0.025"></testcase><testcase classname="test_ella.test_core.test_views.TestGetTemplates" name="test_more_nested_uses_fallback_to_parents" time="0.016"></testcase><testcase classname="test_ella.test_core.test_views.TestListContentType" name="test_incorrect_page_number_raises_404" time="0.056"></testcase><testcase classname="test_ella.test_core.test_views.TestListContentType" name="test_only_nested_category_and_year_returns_all_listings" time="0.066"></testcase><testcase classname="test_ella.test_core.test_views.TestListContentType" name="test_without_home_listings_first_page_is_an_archive" time="0.071"></testcase><testcase classname="test_ella.test_core.test_views.TestObjectDetail" name="test_multiple_same_publications_can_live_while_not_published" time="0.038"></testcase><testcase classname="test_ella.test_core.test_views.TestObjectDetail" name="test_object_detail" time="0.035"></testcase><testcase classname="test_ella.test_core.test_views.TestObjectDetail" name="test_signals_fired_for_detail" time="0.030"></testcase><testcase classname="test_ella.test_core.test_views.TestObjectDetail" name="test_static_object_detail" time="0.033"></testcase><testcase classname="test_ella.test_core.test_views.TestObjectDetail" name="test_static_object_detail_redirects_to_correct_url_on_wrong_category" time="0.033"></testcase><testcase classname="test_ella.test_core.test_views.TestObjectDetail" name="test_static_object_detail_redirects_to_correct_url_on_wrong_slug" time="0.032"></testcase><testcase classname="test_ella.test_core.test_views.TestObjectDetail" name="test_static_redirects_preserve_custom_url_remainder" time="0.032"></testcase><testcase classname="test_ella.test_core.test_views.TestObjectDetail" name="test_timezone_localized_url" time="0.020"><skipped type="unittest.case.SkipTest" message=""><![CDATA[SkipTest
]]></skipped></testcase><testcase classname="test_ella.test_core.test_views.TestObjectDetailTemplateOverride" name="test_category" time="0.024"></testcase><testcase classname="test_ella.test_core.test_views.TestObjectDetailTemplateOverride" name="test_category_ct" time="0.025"></testcase><testcase classname="test_ella.test_core.test_views.TestObjectDetailTemplateOverride" name="test_category_ct_slug" time="0.023"></testcase><testcase classname="test_ella.test_core.test_views.TestObjectDetailTemplateOverride" name="test_ct" time="0.024"></testcase><testcase classname="test_ella.test_core.test_views.TestObjectDetailTemplateOverride" name="test_fallback" time="0.028"></testcase><testcase classname="test_ella.test_photos.test_forms.TestFormatForm" name="test_same_name_formats_allowed_if_in_different_sites" time="0.010"></testcase><testcase classname="test_ella.test_photos.test_forms.TestFormatForm" name="test_same_name_not_allowed_on_same_site" time="0.010"></testcase><testcase classname="test_ella.test_photos.test_photo.TestPhoto" name="test_formated_filename_can_be_overridden" time="0.029"></testcase><testcase classname="test_ella.test_photos.test_photo.TestPhoto" name="test_formated_photo_from_master_format_is_used" time="0.051"></testcase><testcase classname="test_ella.test_photos.test_photo.TestPhoto" name="test_formatted_photo_has_zero_crop_box_if_smaller_than_format" time="0.022"></testcase><testcase classname="test_ella.test_photos.test_photo.TestPhoto" name="test_formattedphoto_cleared_when_format_changed" time="0.049"></testcase><testcase classname="test_ella.test_photos.test_photo.TestPhoto" name="test_formattedphoto_cleared_when_image_changed" time="0.043"></testcase><testcase classname="test_ella.test_photos.test_photo.TestPhoto" name="test_retrieving_formatted_photos_on_fly" time="0.024"></testcase><testcase classname="test_ella.test_photos.test_photo.TestPhoto" name="test_retrieving_ratio" time="0.015"></testcase><testcase classname="test_ella.test_photos.test_resize.TestPhotoResize" name="test_bigger_image_gets_shrinked_without_cropping" time="0.003"></testcase><testcase classname="test_ella.test_photos.test_resize.TestPhotoResize" name="test_custom_bg_color_is_used_for_neg_coords" time="0.001"></testcase><testcase classname="test_ella.test_photos.test_resize.TestPhotoResize" name="test_custom_crop_box_is_used" time="0.000"></testcase><testcase classname="test_ella.test_photos.test_resize.TestPhotoResize" name="test_flexible_height_doesnt_affect_wider_images" time="0.000"></testcase><testcase classname="test_ella.test_photos.test_resize.TestPhotoResize" name="test_flexible_height_doesnt_raise_exception_no_max_height" time="0.000"></testcase><testcase classname="test_ella.test_photos.test_resize.TestPhotoResize" name="test_flexible_height_saves_taller_images" time="0.000"></testcase><testcase classname="test_ella.test_photos.test_resize.TestPhotoResize" name="test_important_box_is_used" time="0.000"></testcase><testcase classname="test_ella.test_photos.test_resize.TestPhotoResize" name="test_important_box_is_used_for_other_positive_x_motion_as_well" time="0.000"></testcase><testcase classname="test_ella.test_photos.test_resize.TestPhotoResize" name="test_important_box_is_used_for_positive_y_motion_as_well" time="0.000"></testcase><testcase classname="test_ella.test_photos.test_resize.TestPhotoResize" name="test_smaller_image_remains_untouched" time="0.000"></testcase><testcase classname="test_ella.test_photos.test_resize.TestPhotoResize" name="test_smaller_image_stretches_with_ratio_intact_with_stretch" time="0.000"></testcase><testcase classname="test_ella.test_photos.test_resize.TestPhotoResize" name="test_taller_image_gets_cropped_to_ratio" time="0.000"></testcase><testcase classname="test_ella.test_photos.test_resize.TestPhotoResize" name="test_taller_image_gets_shrinked_to_ratio_with_nocrop" time="0.001"></testcase><testcase classname="test_ella.test_photos.test_resize.TestPhotoResize" name="test_wider_image_gets_cropped_to_ratio" time="0.000"></testcase><testcase classname="test_ella.test_photos.test_resize.TestPhotoResize" name="test_wider_image_gets_shrinked_to_ratio_with_nocrop" time="0.001"></testcase><testcase classname="test_ella.test_photos.test_resize.TestPhotoResizeWithRotate" name="test_as_data_we_have_white_box_on_the_left_black_box_on_the_right" time="0.001"></testcase><testcase classname="test_ella.test_photos.test_resize.TestPhotoResizeWithRotate" name="test_jpeg_with_exit_rotation_info_3_is_rotated_180_degrees" time="0.001"></testcase><testcase classname="test_ella.test_photos.test_resize.TestPhotoResizeWithRotate" name="test_jpeg_with_exit_rotation_info_6_is_rotated_90_degrees_clockwise" time="0.002"></testcase><testcase classname="test_ella.test_photos.test_resize.TestPhotoResizeWithRotate" name="test_jpeg_with_exit_rotation_info_8_is_rotated_90_degrees_counter_clockwise" time="0.001"></testcase><testcase classname="test_ella.test_photos.test_resize.TestPhotoResizeWithRotate" name="test_plain_jpeg_is_not_rotated" time="0.001"></testcase><testcase classname="test_ella.test_photos.test_templatetags.TestImageParsing" name="test_format_is_resolved_if_literal_string" time="0.006"></testcase><testcase classname="test_ella.test_photos.test_templatetags.TestImageParsing" name="test_photo_and_format_name_picked_up_from_context" time="0.006"></testcase><testcase classname="test_ella.test_photos.test_templatetags.TestImageParsing" name="test_photo_id_and_format_picked_up_from_context" time="0.007"></testcase><testcase classname="test_ella.test_photos.test_templatetags.TestImgParsing" name="test_node_gets_passed_correct_params" time="0.004"></testcase><testcase classname="test_ella.test_photos.test_templatetags.TestImgParsing" name="test_return_empty_node_on_unknown_format" time="0.007"></testcase><testcase classname="test_ella.test_positions.test_models.TestPosition" name="test_active_from_future" time="0.016"></testcase><testcase classname="test_ella.test_positions.test_models.TestPosition" name="test_active_from_past" time="0.016"></testcase><testcase classname="test_ella.test_positions.test_models.TestPosition" name="test_active_from_till_match" time="0.016"></testcase><testcase classname="test_ella.test_positions.test_models.TestPosition" name="test_active_from_till_no_match" time="0.015"></testcase><testcase classname="test_ella.test_positions.test_models.TestPosition" name="test_active_till_future" time="0.032"></testcase><testcase classname="test_ella.test_positions.test_models.TestPosition" name="test_active_till_past" time="0.016"></testcase><testcase classname="test_ella.test_positions.test_models.TestPosition" name="test_disabled" time="0.013"></testcase><testcase classname="test_ella.test_positions.test_models.TestPosition" name="test_get_active_position" time="0.014"></testcase><testcase classname="test_ella.test_positions.test_models.TestPosition" name="test_get_active_position_empty" time="0.014"></testcase><testcase classname="test_ella.test_positions.test_models.TestPosition" name="test_get_active_position_inherit" time="0.016"></testcase><testcase classname="test_ella.test_positions.test_models.TestPosition" name="test_get_active_position_inherit_nofallback" time="0.014"></testcase><testcase classname="test_ella.test_positions.test_models.TestPosition" name="test_get_active_position_nofallback" time="0.014"></testcase><testcase classname="test_ella.test_positions.test_models.TestPosition" name="test_more_positions_one_active" time="0.019"></testcase><testcase classname="test_ella.test_positions.test_models.TestPosition" name="test_not_disabled" time="0.014"></testcase><testcase classname="test_ella.test_positions.test_models.TestPosition" name="test_position_with_broken_definition_dont_raise_big_500" time="0.014"></testcase><testcase classname="test_ella.test_positions.test_models.TestPosition" name="test_render_position_with_invalid_target_returns_empty" time="0.013"></testcase><testcase classname="test_ella.test_positions.test_models.TestPosition" name="test_render_position_without_target_renders_txt" time="0.016"></testcase><testcase classname="test_ella.test_positions.test_models.TestPosition" name="test_validation_fails_for_globaly_active_positions" time="0.019"></testcase><testcase classname="test_ella.test_positions.test_models.TestPosition" name="test_validation_fails_for_incorrect_generic_fk" time="0.015"></testcase><testcase classname="test_ella.test_positions.test_models.TestPosition" name="test_validation_fails_for_overlapping_positions" time="0.014"></testcase><testcase classname="test_ella.test_positions.test_models.TestPosition" name="test_validation_fails_for_overlapping_positions2" time="0.014"></testcase><testcase classname="test_ella.test_positions.test_models.TestPosition" name="test_validation_fails_for_overlapping_positions3" time="0.019"></testcase><testcase classname="test_ella.test_positions.test_models.TestPosition" name="test_validation_passes_for_nonoverlapping_positions" time="0.014"></testcase><testcase classname="test_ella.test_positions.test_templatetags.TestPositionParsing" name="test_empty_position_templatetag_render_with_category_tree_path_if_position_does_not_exist" time="0.019"></testcase><testcase classname="test_ella.test_positions.test_templatetags.TestPositionParsing" name="test_empty_position_templatetag_render_with_category_var" time="0.025"></testcase><testcase classname="test_ella.test_positions.test_templatetags.TestPositionParsing" name="test_getting_category_for_templatag_from_category_tree_path" time="0.017"></testcase><testcase classname="test_ella.test_positions.test_templatetags.TestPositionParsing" name="test_getting_category_for_templatag_from_category_tree_path_in_variable" time="0.012"></testcase><testcase classname="test_ella.test_positions.test_templatetags.TestPositionParsing" name="test_getting_category_for_templatag_from_category_variable" time="0.011"></testcase><testcase classname="test_ella.test_positions.test_templatetags.TestPositionParsing" name="test_ifposition_templatetag_render_with_category_tree_path" time="0.016"></testcase><testcase classname="test_ella.test_positions.test_templatetags.TestPositionParsing" name="test_ifposition_templatetag_render_with_category_var" time="0.019"></testcase><testcase classname="test_ella.test_positions.test_templatetags.TestPositionParsing" name="test_not_position_for_ifposition_templatetag_render_with_category_var" time="0.014"></testcase><testcase classname="test_ella.test_positions.test_templatetags.TestPositionParsing" name="test_parsing_position_tag" time="0.011"></testcase><testcase classname="test_ella.test_positions.test_templatetags.TestPositionParsing" name="test_position_templatetag_render_with_category_tree_path" time="0.016"></testcase><testcase classname="test_ella.test_positions.test_templatetags.TestPositionParsing" name="test_position_templatetag_render_with_category_var" time="0.016"></testcase><testcase classname="test_ella.test_positions.test_templatetags.TestPositionParsing" name="test_raising_exception_for_ifposition_templatetag_render_with_category_var_not_in_context" time="0.011"></testcase><testcase classname="test_ella.test_positions.test_templatetags.TestPositionParsing" name="test_raising_exception_for_templatag_if_category_is_not_in_context" time="0.012"></testcase><testcase classname="test_ella.test_positions.test_templatetags.TestPositionParsing" name="test_raising_exception_for_templatag_if_no_category_for_tree_path" time="0.014"></testcase><testcase classname="test_ella.test_positions.test_templatetags.TestPositionParsing" name="test_raising_exception_for_templatag_if_no_category_for_tree_path_in_variable" time="0.012"></testcase><testcase classname="test_ella.test_positions.test_templatetags.TestPositionParsing" name="test_raising_exception_ifposition_templatetag_render_with_bad_category_tree_path" time="0.013"></testcase><testcase classname="test_ella.test_positions.test_templatetags.TestPositionParsing" name="test_raising_exception_position_templatetag_render_with_bad_category_tree_path" time="0.012"></testcase><testcase classname="test_ella.test_positions.test_templatetags.TestPositionParsing" name="test_raising_exception_position_templatetag_render_with_category_not_defined" time="0.013"></testcase><testcase classname="test_ella.test_utils.test_installedapps" name="test_module_loaded_and_signal_fired" time="0.004"></testcase><testcase classname="test_ella.test_utils.test_middleware.TestLegacyRedirectMiddleware" name="test_middleware_ignores_non_404_responses" time="0.000"></testcase><testcase classname="test_ella.test_utils.test_middleware.TestLegacyRedirectMiddleware" name="test_middleware_ignores_valid_404_responses" time="0.000"></testcase><testcase classname="test_ella.test_utils.test_middleware.TestLegacyRedirectMiddleware" name="test_middleware_redirects_non_static_with_custom_urls" time="0.000"></testcase><testcase classname="test_ella.test_utils.test_middleware.TestLegacyRedirectMiddleware" name="test_middleware_redirects_static_home" time="0.000"></testcase><testcase classname="test_ella.test_utils.test_middleware.TestLegacyRedirectMiddleware" name="test_middleware_redirects_static_in_cat" time="0.000"></testcase><testcase classname="test_ella.test_utils.test_middleware.TestLegacyRedirectMiddleware" name="test_middleware_redirects_static_in_cat_name_as_ct" time="0.000"></testcase><testcase classname="test_ella.test_utils.test_middleware.TestLegacyRedirectMiddleware" name="test_middleware_redirects_static_with_custom_urls" time="0.000"></testcase><testcase classname="test_ella.test_utils.test_paginator.TestPaginator" name="test_all_pages_same" time="0.000"></testcase><testcase classname="test_ella.test_utils.test_paginator.TestPaginator" name="test_diffrerent_first_page" time="0.000"></testcase><testcase classname="test_ella.test_utils.test_paginator.TestPaginator" name="test_other_pages" time="0.000"></testcase></testsuite>