This file contains any messages produced by compilers while
running configure, to aid debugging if configure makes a mistake.

It was created by c_eclib configure 0.2, which was
generated by GNU Autoconf 2.69.  Invocation command line was

  $ ./configure 

## --------- ##
## Platform. ##
## --------- ##

hostname = kgreenan-mbp.local
uname -m = x86_64
uname -r = 12.3.0
uname -s = Darwin
uname -v = Darwin Kernel Version 12.3.0: Sun Jan  6 22:37:10 PST 2013; root:xnu-2050.22.13~1/RELEASE_X86_64

/usr/bin/uname -p = i386
/bin/uname -X     = unknown

/bin/arch              = unknown
/usr/bin/arch -k       = unknown
/usr/convex/getsysinfo = unknown
/usr/bin/hostinfo      = Mach kernel version:
	 Darwin Kernel Version 12.3.0: Sun Jan  6 22:37:10 PST 2013; root:xnu-2050.22.13~1/RELEASE_X86_64
Kernel configured for up to 8 processors.
4 processors are physically available.
8 processors are logically available.
Processor type: i486 (Intel 80486)
Processors active: 0 1 2 3 4 5 6 7
Primary memory available: 8.00 gigabytes
Default processor set: 121 tasks, 743 threads, 8 processors
Load average: 1.71, Mach factor: 6.28
/bin/machine           = unknown
/usr/bin/oslevel       = unknown
/bin/universe          = unknown

PATH: /usr/local/hbase/bin
PATH: /System/Library/Frameworks/Python.framework/Versions/Current/bin
PATH: /Users/kgreenan/bin
PATH: /box/www/devtools_local/bin
PATH: /Users/kgreenan/scripts
PATH: /Applications/Xcode.app/Contents/Developer/usr/bin
PATH: /usr/bin
PATH: /bin
PATH: /usr/sbin
PATH: /sbin
PATH: /usr/local/bin
PATH: /usr/texbin


## ----------- ##
## Core tests. ##
## ----------- ##

configure:2242: checking for a BSD-compatible install
configure:2310: result: /usr/bin/install -c
configure:2321: checking whether build environment is sane
configure:2376: result: yes
configure:2527: checking for a thread-safe mkdir -p
configure:2566: result: ./install-sh -c -d
configure:2573: checking for gawk
configure:2603: result: no
configure:2573: checking for mawk
configure:2603: result: no
configure:2573: checking for nawk
configure:2603: result: no
configure:2573: checking for awk
configure:2589: found /usr/bin/awk
configure:2600: result: awk
configure:2611: checking whether make sets $(MAKE)
configure:2633: result: yes
configure:2662: checking whether make supports nested variables
configure:2679: result: yes
configure:2787: checking build system type
configure:2801: result: x86_64-apple-darwin12.3.0
configure:2821: checking host system type
configure:2834: result: x86_64-apple-darwin12.3.0
configure:2875: checking how to print strings
configure:2902: result: printf
configure:2971: checking for gcc
configure:2987: found /Applications/Xcode.app/Contents/Developer/usr/bin/gcc
configure:2998: result: gcc
configure:3227: checking for C compiler version
configure:3236: gcc --version >&5
i686-apple-darwin11-llvm-gcc-4.2 (GCC) 4.2.1 (Based on Apple Inc. build 5658) (LLVM build 2336.11.00)
Copyright (C) 2007 Free Software Foundation, Inc.
This is free software; see the source for copying conditions.  There is NO
warranty; not even for MERCHANTABILITY or FITNESS FOR A PARTICULAR PURPOSE.

configure:3247: $? = 0
configure:3236: gcc -v >&5
Using built-in specs.
Target: i686-apple-darwin11
Configured with: /private/var/tmp/llvmgcc42/llvmgcc42-2336.11~182/src/configure --disable-checking --enable-werror --prefix=/Applications/Xcode.app/Contents/Developer/usr/llvm-gcc-4.2 --mandir=/share/man --enable-languages=c,objc,c++,obj-c++ --program-prefix=llvm- --program-transform-name=/^[cg][^.-]*$/s/$/-4.2/ --with-slibdir=/usr/lib --build=i686-apple-darwin11 --enable-llvm=/private/var/tmp/llvmgcc42/llvmgcc42-2336.11~182/dst-llvmCore/Developer/usr/local --program-prefix=i686-apple-darwin11- --host=x86_64-apple-darwin11 --target=i686-apple-darwin11 --with-gxx-include-dir=/usr/include/c++/4.2.1
Thread model: posix
gcc version 4.2.1 (Based on Apple Inc. build 5658) (LLVM build 2336.11.00)
configure:3247: $? = 0
configure:3236: gcc -V >&5
llvm-gcc-4.2: argument to `-V' is missing
configure:3247: $? = 1
configure:3236: gcc -qversion >&5
i686-apple-darwin11-llvm-gcc-4.2: no input files
configure:3247: $? = 1
configure:3267: checking whether the C compiler works
configure:3289: gcc    conftest.c  >&5
configure:3293: $? = 0
configure:3341: result: yes
configure:3344: checking for C compiler default output file name
configure:3346: result: a.out
configure:3352: checking for suffix of executables
configure:3359: gcc -o conftest    conftest.c  >&5
configure:3363: $? = 0
configure:3385: result: 
configure:3407: checking whether we are cross compiling
configure:3415: gcc -o conftest    conftest.c  >&5
configure:3419: $? = 0
configure:3426: ./conftest
configure:3430: $? = 0
configure:3445: result: no
configure:3450: checking for suffix of object files
configure:3472: gcc -c   conftest.c >&5
configure:3476: $? = 0
configure:3497: result: o
configure:3501: checking whether we are using the GNU C compiler
configure:3520: gcc -c   conftest.c >&5
configure:3520: $? = 0
configure:3529: result: yes
configure:3538: checking whether gcc accepts -g
configure:3558: gcc -c -g  conftest.c >&5
configure:3558: $? = 0
configure:3599: result: yes
configure:3616: checking for gcc option to accept ISO C89
configure:3679: gcc  -c -g -O2  conftest.c >&5
configure:3679: $? = 0
configure:3692: result: none needed
configure:3712: checking for a sed that does not truncate output
configure:3776: result: /usr/bin/sed
configure:3794: checking for grep that handles long lines and -e
configure:3852: result: /usr/bin/grep
configure:3857: checking for egrep
configure:3919: result: /usr/bin/grep -E
configure:3924: checking for fgrep
configure:3986: result: /usr/bin/grep -F
configure:4021: checking for ld used by gcc
configure:4088: result: /Applications/Xcode.app/Contents/Developer/usr/llvm-gcc-4.2/libexec/gcc/i686-apple-darwin11/4.2.1/ld
configure:4095: checking if the linker (/Applications/Xcode.app/Contents/Developer/usr/llvm-gcc-4.2/libexec/gcc/i686-apple-darwin11/4.2.1/ld) is GNU ld
configure:4110: result: no
configure:4122: checking for BSD- or MS-compatible name lister (nm)
configure:4171: result: /Applications/Xcode.app/Contents/Developer/usr/bin/nm
configure:4301: checking the name lister (/Applications/Xcode.app/Contents/Developer/usr/bin/nm) interface
configure:4308: gcc -c -g -O2  conftest.c >&5
configure:4311: /Applications/Xcode.app/Contents/Developer/usr/bin/nm "conftest.o"
configure:4314: output
00000000000001a4 S _some_variable
configure:4321: result: BSD nm
configure:4324: checking whether ln -s works
configure:4328: result: yes
configure:4336: checking the maximum length of command line arguments
configure:4466: result: 196608
configure:4483: checking whether the shell understands some XSI constructs
configure:4493: result: yes
configure:4497: checking whether the shell understands "+="
configure:4503: result: yes
configure:4538: checking how to convert x86_64-apple-darwin12.3.0 file names to x86_64-apple-darwin12.3.0 format
configure:4578: result: func_convert_file_noop
configure:4585: checking how to convert x86_64-apple-darwin12.3.0 file names to toolchain format
configure:4605: result: func_convert_file_noop
configure:4612: checking for /Applications/Xcode.app/Contents/Developer/usr/llvm-gcc-4.2/libexec/gcc/i686-apple-darwin11/4.2.1/ld option to reload object files
configure:4619: result: -r
configure:4693: checking for objdump
configure:4723: result: no
configure:4752: checking how to recognize dependent libraries
configure:4954: result: pass_all
configure:5039: checking for dlltool
configure:5069: result: no
configure:5099: checking how to associate runtime and link libraries
configure:5126: result: printf %s\n
configure:5187: checking for ar
configure:5203: found /Applications/Xcode.app/Contents/Developer/usr/bin/ar
configure:5214: result: ar
configure:5251: checking for archiver @FILE support
configure:5268: gcc -c -g -O2  conftest.c >&5
configure:5268: $? = 0
configure:5271: ar cru libconftest.a @conftest.lst >&5
ar: @conftest.lst: No such file or directory
configure:5274: $? = 1
configure:5294: result: no
configure:5352: checking for strip
configure:5368: found /Applications/Xcode.app/Contents/Developer/usr/bin/strip
configure:5379: result: strip
configure:5451: checking for ranlib
configure:5467: found /Applications/Xcode.app/Contents/Developer/usr/bin/ranlib
configure:5478: result: ranlib
configure:5580: checking command to parse /Applications/Xcode.app/Contents/Developer/usr/bin/nm output from gcc object
configure:5700: gcc -c -g -O2  conftest.c >&5
configure:5703: $? = 0
configure:5707: /Applications/Xcode.app/Contents/Developer/usr/bin/nm conftest.o \| sed -n -e 's/^.*[ ]\([BCDEGRST][BCDEGRST]*\)[ ][ ]*\([_A-Za-z][_A-Za-z0-9]*\)$/\1 \2 \2/p' | sed '/ __gnu_lto/d' \> conftest.nm
configure:5710: $? = 0
cannot find nm_test_var in conftest.nm
configure:5700: gcc -c -g -O2  conftest.c >&5
configure:5703: $? = 0
configure:5707: /Applications/Xcode.app/Contents/Developer/usr/bin/nm conftest.o \| sed -n -e 's/^.*[ ]\([BCDEGRST][BCDEGRST]*\)[ ][ ]*_\([_A-Za-z][_A-Za-z0-9]*\)$/\1 _\2 \2/p' | sed '/ __gnu_lto/d' \> conftest.nm
configure:5710: $? = 0
configure:5776: gcc -o conftest -g -O2   conftest.c conftstm.o >&5
configure:5779: $? = 0
configure:5817: result: ok
configure:5854: checking for sysroot
configure:5884: result: no
configure:6140: checking for mt
configure:6170: result: no
configure:6190: checking if : is a manifest tool
configure:6196: : '-?'
configure:6204: result: no
configure:6260: checking for dsymutil
configure:6276: found /Applications/Xcode.app/Contents/Developer/usr/bin/dsymutil
configure:6287: result: dsymutil
configure:6352: checking for nmedit
configure:6368: found /Applications/Xcode.app/Contents/Developer/usr/bin/nmedit
configure:6379: result: nmedit
configure:6444: checking for lipo
configure:6460: found /usr/bin/lipo
configure:6471: result: lipo
configure:6536: checking for otool
configure:6552: found /Applications/Xcode.app/Contents/Developer/usr/bin/otool
configure:6563: result: otool
configure:6628: checking for otool64
configure:6658: result: no
configure:6703: checking for -single_module linker flag
gcc -g -O2  -o libconftest.dylib -dynamiclib -Wl,-single_module conftest.c
configure:6736: result: yes
configure:6739: checking for -exported_symbols_list linker flag
configure:6759: gcc -o conftest -g -O2   -Wl,-exported_symbols_list,conftest.sym conftest.c  >&5
configure:6759: $? = 0
configure:6769: result: yes
configure:6772: checking for -force_load linker flag
gcc -g -O2 -c -o conftest.o conftest.c
ar cru libconftest.a conftest.o
ranlib libconftest.a
gcc -g -O2  -o conftest conftest.c -Wl,-force_load,./libconftest.a
configure:6804: result: yes
configure:6846: checking how to run the C preprocessor
configure:6877: gcc -E  conftest.c
configure:6877: $? = 0
configure:6891: gcc -E  conftest.c
conftest.c:11:28: error: ac_nonexistent.h: No such file or directory
configure:6891: $? = 1
configure: failed program was:
| /* confdefs.h */
| #define PACKAGE_NAME "c_eclib"
| #define PACKAGE_TARNAME "c_eclib"
| #define PACKAGE_VERSION "0.2"
| #define PACKAGE_STRING "c_eclib 0.2"
| #define PACKAGE_BUGREPORT ""
| #define PACKAGE_URL ""
| #define PACKAGE "c_eclib"
| #define VERSION "0.2"
| /* end confdefs.h.  */
| #include <ac_nonexistent.h>
configure:6916: result: gcc -E
configure:6936: gcc -E  conftest.c
configure:6936: $? = 0
configure:6950: gcc -E  conftest.c
conftest.c:11:28: error: ac_nonexistent.h: No such file or directory
configure:6950: $? = 1
configure: failed program was:
| /* confdefs.h */
| #define PACKAGE_NAME "c_eclib"
| #define PACKAGE_TARNAME "c_eclib"
| #define PACKAGE_VERSION "0.2"
| #define PACKAGE_STRING "c_eclib 0.2"
| #define PACKAGE_BUGREPORT ""
| #define PACKAGE_URL ""
| #define PACKAGE "c_eclib"
| #define VERSION "0.2"
| /* end confdefs.h.  */
| #include <ac_nonexistent.h>
configure:6979: checking for ANSI C header files
configure:6999: gcc -c -g -O2  conftest.c >&5
configure:6999: $? = 0
configure:7072: gcc -o conftest -g -O2   conftest.c  >&5
configure:7072: $? = 0
configure:7072: ./conftest
configure:7072: $? = 0
configure:7083: result: yes
configure:7096: checking for sys/types.h
configure:7096: gcc -c -g -O2  conftest.c >&5
configure:7096: $? = 0
configure:7096: result: yes
configure:7096: checking for sys/stat.h
configure:7096: gcc -c -g -O2  conftest.c >&5
configure:7096: $? = 0
configure:7096: result: yes
configure:7096: checking for stdlib.h
configure:7096: gcc -c -g -O2  conftest.c >&5
configure:7096: $? = 0
configure:7096: result: yes
configure:7096: checking for string.h
configure:7096: gcc -c -g -O2  conftest.c >&5
configure:7096: $? = 0
configure:7096: result: yes
configure:7096: checking for memory.h
configure:7096: gcc -c -g -O2  conftest.c >&5
configure:7096: $? = 0
configure:7096: result: yes
configure:7096: checking for strings.h
configure:7096: gcc -c -g -O2  conftest.c >&5
configure:7096: $? = 0
configure:7096: result: yes
configure:7096: checking for inttypes.h
configure:7096: gcc -c -g -O2  conftest.c >&5
configure:7096: $? = 0
configure:7096: result: yes
configure:7096: checking for stdint.h
configure:7096: gcc -c -g -O2  conftest.c >&5
configure:7096: $? = 0
configure:7096: result: yes
configure:7096: checking for unistd.h
configure:7096: gcc -c -g -O2  conftest.c >&5
configure:7096: $? = 0
configure:7096: result: yes
configure:7110: checking for dlfcn.h
configure:7110: gcc -c -g -O2  conftest.c >&5
configure:7110: $? = 0
configure:7110: result: yes
configure:7316: checking for objdir
configure:7331: result: .libs
configure:7602: checking if gcc supports -fno-rtti -fno-exceptions
configure:7620: gcc -c -g -O2  -fno-rtti -fno-exceptions conftest.c >&5
cc1: warning: command line option "-fno-rtti" is valid for C++/ObjC++ but not for C
configure:7624: $? = 0
configure:7637: result: no
configure:7964: checking for gcc option to produce PIC
configure:7971: result: -fno-common -DPIC
configure:7979: checking if gcc PIC flag -fno-common -DPIC works
configure:7997: gcc -c -g -O2  -fno-common -DPIC -DPIC conftest.c >&5
configure:8001: $? = 0
configure:8014: result: yes
configure:8043: checking if gcc static flag -static works
configure:8071: result: no
configure:8086: checking if gcc supports -c -o file.o
configure:8107: gcc -c -g -O2  -o out/conftest2.o conftest.c >&5
configure:8111: $? = 0
configure:8133: result: yes
configure:8141: checking if gcc supports -c -o file.o
configure:8188: result: yes
configure:8221: checking whether the gcc linker (/Applications/Xcode.app/Contents/Developer/usr/llvm-gcc-4.2/libexec/gcc/i686-apple-darwin11/4.2.1/ld) supports shared libraries
configure:9374: result: yes
configure:9614: checking dynamic linker characteristics
configure:10347: result: darwin12.3.0 dyld
configure:10454: checking how to hardcode library paths into programs
configure:10479: result: immediate
configure:11019: checking whether stripping libraries is possible
configure:11033: result: yes
configure:11059: checking if libtool supports shared libraries
configure:11061: result: yes
configure:11064: checking whether to build shared libraries
configure:11085: result: yes
configure:11088: checking whether to build static libraries
configure:11092: result: yes
configure:11140: checking whether to enable maintainer-specific portions of Makefiles
configure:11149: result: no
configure:11211: checking for gcc
configure:11238: result: gcc
configure:11467: checking for C compiler version
configure:11476: gcc --version >&5
i686-apple-darwin11-llvm-gcc-4.2 (GCC) 4.2.1 (Based on Apple Inc. build 5658) (LLVM build 2336.11.00)
Copyright (C) 2007 Free Software Foundation, Inc.
This is free software; see the source for copying conditions.  There is NO
warranty; not even for MERCHANTABILITY or FITNESS FOR A PARTICULAR PURPOSE.

configure:11487: $? = 0
configure:11476: gcc -v >&5
Using built-in specs.
Target: i686-apple-darwin11
Configured with: /private/var/tmp/llvmgcc42/llvmgcc42-2336.11~182/src/configure --disable-checking --enable-werror --prefix=/Applications/Xcode.app/Contents/Developer/usr/llvm-gcc-4.2 --mandir=/share/man --enable-languages=c,objc,c++,obj-c++ --program-prefix=llvm- --program-transform-name=/^[cg][^.-]*$/s/$/-4.2/ --with-slibdir=/usr/lib --build=i686-apple-darwin11 --enable-llvm=/private/var/tmp/llvmgcc42/llvmgcc42-2336.11~182/dst-llvmCore/Developer/usr/local --program-prefix=i686-apple-darwin11- --host=x86_64-apple-darwin11 --target=i686-apple-darwin11 --with-gxx-include-dir=/usr/include/c++/4.2.1
Thread model: posix
gcc version 4.2.1 (Based on Apple Inc. build 5658) (LLVM build 2336.11.00)
configure:11487: $? = 0
configure:11476: gcc -V >&5
llvm-gcc-4.2: argument to `-V' is missing
configure:11487: $? = 1
configure:11476: gcc -qversion >&5
i686-apple-darwin11-llvm-gcc-4.2: no input files
configure:11487: $? = 1
configure:11491: checking whether we are using the GNU C compiler
configure:11519: result: yes
configure:11528: checking whether gcc accepts -g
configure:11589: result: yes
configure:11606: checking for gcc option to accept ISO C89
configure:11682: result: none needed
configure:11707: checking jerasure.h usability
configure:11707: gcc -c -g -O2  conftest.c >&5
conftest.c:56:22: error: jerasure.h: No such file or directory
configure:11707: $? = 1
configure: failed program was:
| /* confdefs.h */
| #define PACKAGE_NAME "c_eclib"
| #define PACKAGE_TARNAME "c_eclib"
| #define PACKAGE_VERSION "0.2"
| #define PACKAGE_STRING "c_eclib 0.2"
| #define PACKAGE_BUGREPORT ""
| #define PACKAGE_URL ""
| #define PACKAGE "c_eclib"
| #define VERSION "0.2"
| #define STDC_HEADERS 1
| #define HAVE_SYS_TYPES_H 1
| #define HAVE_SYS_STAT_H 1
| #define HAVE_STDLIB_H 1
| #define HAVE_STRING_H 1
| #define HAVE_MEMORY_H 1
| #define HAVE_STRINGS_H 1
| #define HAVE_INTTYPES_H 1
| #define HAVE_STDINT_H 1
| #define HAVE_UNISTD_H 1
| #define HAVE_DLFCN_H 1
| #define LT_OBJDIR ".libs/"
| /* end confdefs.h.  */
| #include <stdio.h>
| #ifdef HAVE_SYS_TYPES_H
| # include <sys/types.h>
| #endif
| #ifdef HAVE_SYS_STAT_H
| # include <sys/stat.h>
| #endif
| #ifdef STDC_HEADERS
| # include <stdlib.h>
| # include <stddef.h>
| #else
| # ifdef HAVE_STDLIB_H
| #  include <stdlib.h>
| # endif
| #endif
| #ifdef HAVE_STRING_H
| # if !defined STDC_HEADERS && defined HAVE_MEMORY_H
| #  include <memory.h>
| # endif
| # include <string.h>
| #endif
| #ifdef HAVE_STRINGS_H
| # include <strings.h>
| #endif
| #ifdef HAVE_INTTYPES_H
| # include <inttypes.h>
| #endif
| #ifdef HAVE_STDINT_H
| # include <stdint.h>
| #endif
| #ifdef HAVE_UNISTD_H
| # include <unistd.h>
| #endif
| #include <jerasure.h>
configure:11707: result: no
configure:11707: checking jerasure.h presence
configure:11707: gcc -E  conftest.c
conftest.c:23:22: error: jerasure.h: No such file or directory
configure:11707: $? = 1
configure: failed program was:
| /* confdefs.h */
| #define PACKAGE_NAME "c_eclib"
| #define PACKAGE_TARNAME "c_eclib"
| #define PACKAGE_VERSION "0.2"
| #define PACKAGE_STRING "c_eclib 0.2"
| #define PACKAGE_BUGREPORT ""
| #define PACKAGE_URL ""
| #define PACKAGE "c_eclib"
| #define VERSION "0.2"
| #define STDC_HEADERS 1
| #define HAVE_SYS_TYPES_H 1
| #define HAVE_SYS_STAT_H 1
| #define HAVE_STDLIB_H 1
| #define HAVE_STRING_H 1
| #define HAVE_MEMORY_H 1
| #define HAVE_STRINGS_H 1
| #define HAVE_INTTYPES_H 1
| #define HAVE_STDINT_H 1
| #define HAVE_UNISTD_H 1
| #define HAVE_DLFCN_H 1
| #define LT_OBJDIR ".libs/"
| /* end confdefs.h.  */
| #include <jerasure.h>
configure:11707: result: no
configure:11707: checking for jerasure.h
configure:11707: result: no
configure:11707: checking cauchy.h usability
configure:11707: gcc -c -g -O2  conftest.c >&5
configure:11707: $? = 0
configure:11707: result: yes
configure:11707: checking cauchy.h presence
configure:11707: gcc -E  conftest.c
configure:11707: $? = 0
configure:11707: result: yes
configure:11707: checking for cauchy.h
configure:11707: result: yes
configure:11707: checking galois.h usability
configure:11707: gcc -c -g -O2  conftest.c >&5
In file included from conftest.c:57:
/usr/local/include/galois.h:54:25: error: gf_complete.h: No such file or directory
In file included from conftest.c:57:
/usr/local/include/galois.h:56: error: expected ')' before '*' token
/usr/local/include/galois.h:105: error: expected declaration specifiers or '...' before 'gf_t'
/usr/local/include/galois.h:107: error: expected '=', ',', ';', 'asm' or '__attribute__' before '*' token
configure:11707: $? = 1
configure: failed program was:
| /* confdefs.h */
| #define PACKAGE_NAME "c_eclib"
| #define PACKAGE_TARNAME "c_eclib"
| #define PACKAGE_VERSION "0.2"
| #define PACKAGE_STRING "c_eclib 0.2"
| #define PACKAGE_BUGREPORT ""
| #define PACKAGE_URL ""
| #define PACKAGE "c_eclib"
| #define VERSION "0.2"
| #define STDC_HEADERS 1
| #define HAVE_SYS_TYPES_H 1
| #define HAVE_SYS_STAT_H 1
| #define HAVE_STDLIB_H 1
| #define HAVE_STRING_H 1
| #define HAVE_MEMORY_H 1
| #define HAVE_STRINGS_H 1
| #define HAVE_INTTYPES_H 1
| #define HAVE_STDINT_H 1
| #define HAVE_UNISTD_H 1
| #define HAVE_DLFCN_H 1
| #define LT_OBJDIR ".libs/"
| #define HAVE_CAUCHY_H 1
| /* end confdefs.h.  */
| #include <stdio.h>
| #ifdef HAVE_SYS_TYPES_H
| # include <sys/types.h>
| #endif
| #ifdef HAVE_SYS_STAT_H
| # include <sys/stat.h>
| #endif
| #ifdef STDC_HEADERS
| # include <stdlib.h>
| # include <stddef.h>
| #else
| # ifdef HAVE_STDLIB_H
| #  include <stdlib.h>
| # endif
| #endif
| #ifdef HAVE_STRING_H
| # if !defined STDC_HEADERS && defined HAVE_MEMORY_H
| #  include <memory.h>
| # endif
| # include <string.h>
| #endif
| #ifdef HAVE_STRINGS_H
| # include <strings.h>
| #endif
| #ifdef HAVE_INTTYPES_H
| # include <inttypes.h>
| #endif
| #ifdef HAVE_STDINT_H
| # include <stdint.h>
| #endif
| #ifdef HAVE_UNISTD_H
| # include <unistd.h>
| #endif
| #include <galois.h>
configure:11707: result: no
configure:11707: checking galois.h presence
configure:11707: gcc -E  conftest.c
In file included from conftest.c:24:
/usr/local/include/galois.h:54:25: error: gf_complete.h: No such file or directory
configure:11707: $? = 1
configure: failed program was:
| /* confdefs.h */
| #define PACKAGE_NAME "c_eclib"
| #define PACKAGE_TARNAME "c_eclib"
| #define PACKAGE_VERSION "0.2"
| #define PACKAGE_STRING "c_eclib 0.2"
| #define PACKAGE_BUGREPORT ""
| #define PACKAGE_URL ""
| #define PACKAGE "c_eclib"
| #define VERSION "0.2"
| #define STDC_HEADERS 1
| #define HAVE_SYS_TYPES_H 1
| #define HAVE_SYS_STAT_H 1
| #define HAVE_STDLIB_H 1
| #define HAVE_STRING_H 1
| #define HAVE_MEMORY_H 1
| #define HAVE_STRINGS_H 1
| #define HAVE_INTTYPES_H 1
| #define HAVE_STDINT_H 1
| #define HAVE_UNISTD_H 1
| #define HAVE_DLFCN_H 1
| #define LT_OBJDIR ".libs/"
| #define HAVE_CAUCHY_H 1
| /* end confdefs.h.  */
| #include <galois.h>
configure:11707: result: no
configure:11707: checking for galois.h
configure:11707: result: no
configure:11707: checking liberation.h usability
configure:11707: gcc -c -g -O2  conftest.c >&5
conftest.c:57:24: error: liberation.h: No such file or directory
configure:11707: $? = 1
configure: failed program was:
| /* confdefs.h */
| #define PACKAGE_NAME "c_eclib"
| #define PACKAGE_TARNAME "c_eclib"
| #define PACKAGE_VERSION "0.2"
| #define PACKAGE_STRING "c_eclib 0.2"
| #define PACKAGE_BUGREPORT ""
| #define PACKAGE_URL ""
| #define PACKAGE "c_eclib"
| #define VERSION "0.2"
| #define STDC_HEADERS 1
| #define HAVE_SYS_TYPES_H 1
| #define HAVE_SYS_STAT_H 1
| #define HAVE_STDLIB_H 1
| #define HAVE_STRING_H 1
| #define HAVE_MEMORY_H 1
| #define HAVE_STRINGS_H 1
| #define HAVE_INTTYPES_H 1
| #define HAVE_STDINT_H 1
| #define HAVE_UNISTD_H 1
| #define HAVE_DLFCN_H 1
| #define LT_OBJDIR ".libs/"
| #define HAVE_CAUCHY_H 1
| /* end confdefs.h.  */
| #include <stdio.h>
| #ifdef HAVE_SYS_TYPES_H
| # include <sys/types.h>
| #endif
| #ifdef HAVE_SYS_STAT_H
| # include <sys/stat.h>
| #endif
| #ifdef STDC_HEADERS
| # include <stdlib.h>
| # include <stddef.h>
| #else
| # ifdef HAVE_STDLIB_H
| #  include <stdlib.h>
| # endif
| #endif
| #ifdef HAVE_STRING_H
| # if !defined STDC_HEADERS && defined HAVE_MEMORY_H
| #  include <memory.h>
| # endif
| # include <string.h>
| #endif
| #ifdef HAVE_STRINGS_H
| # include <strings.h>
| #endif
| #ifdef HAVE_INTTYPES_H
| # include <inttypes.h>
| #endif
| #ifdef HAVE_STDINT_H
| # include <stdint.h>
| #endif
| #ifdef HAVE_UNISTD_H
| # include <unistd.h>
| #endif
| #include <liberation.h>
configure:11707: result: no
configure:11707: checking liberation.h presence
configure:11707: gcc -E  conftest.c
conftest.c:24:24: error: liberation.h: No such file or directory
configure:11707: $? = 1
configure: failed program was:
| /* confdefs.h */
| #define PACKAGE_NAME "c_eclib"
| #define PACKAGE_TARNAME "c_eclib"
| #define PACKAGE_VERSION "0.2"
| #define PACKAGE_STRING "c_eclib 0.2"
| #define PACKAGE_BUGREPORT ""
| #define PACKAGE_URL ""
| #define PACKAGE "c_eclib"
| #define VERSION "0.2"
| #define STDC_HEADERS 1
| #define HAVE_SYS_TYPES_H 1
| #define HAVE_SYS_STAT_H 1
| #define HAVE_STDLIB_H 1
| #define HAVE_STRING_H 1
| #define HAVE_MEMORY_H 1
| #define HAVE_STRINGS_H 1
| #define HAVE_INTTYPES_H 1
| #define HAVE_STDINT_H 1
| #define HAVE_UNISTD_H 1
| #define HAVE_DLFCN_H 1
| #define LT_OBJDIR ".libs/"
| #define HAVE_CAUCHY_H 1
| /* end confdefs.h.  */
| #include <liberation.h>
configure:11707: result: no
configure:11707: checking for liberation.h
configure:11707: result: no
configure:11707: checking reed_sol.h usability
configure:11707: gcc -c -g -O2  conftest.c >&5
conftest.c:57:22: error: reed_sol.h: No such file or directory
configure:11707: $? = 1
configure: failed program was:
| /* confdefs.h */
| #define PACKAGE_NAME "c_eclib"
| #define PACKAGE_TARNAME "c_eclib"
| #define PACKAGE_VERSION "0.2"
| #define PACKAGE_STRING "c_eclib 0.2"
| #define PACKAGE_BUGREPORT ""
| #define PACKAGE_URL ""
| #define PACKAGE "c_eclib"
| #define VERSION "0.2"
| #define STDC_HEADERS 1
| #define HAVE_SYS_TYPES_H 1
| #define HAVE_SYS_STAT_H 1
| #define HAVE_STDLIB_H 1
| #define HAVE_STRING_H 1
| #define HAVE_MEMORY_H 1
| #define HAVE_STRINGS_H 1
| #define HAVE_INTTYPES_H 1
| #define HAVE_STDINT_H 1
| #define HAVE_UNISTD_H 1
| #define HAVE_DLFCN_H 1
| #define LT_OBJDIR ".libs/"
| #define HAVE_CAUCHY_H 1
| /* end confdefs.h.  */
| #include <stdio.h>
| #ifdef HAVE_SYS_TYPES_H
| # include <sys/types.h>
| #endif
| #ifdef HAVE_SYS_STAT_H
| # include <sys/stat.h>
| #endif
| #ifdef STDC_HEADERS
| # include <stdlib.h>
| # include <stddef.h>
| #else
| # ifdef HAVE_STDLIB_H
| #  include <stdlib.h>
| # endif
| #endif
| #ifdef HAVE_STRING_H
| # if !defined STDC_HEADERS && defined HAVE_MEMORY_H
| #  include <memory.h>
| # endif
| # include <string.h>
| #endif
| #ifdef HAVE_STRINGS_H
| # include <strings.h>
| #endif
| #ifdef HAVE_INTTYPES_H
| # include <inttypes.h>
| #endif
| #ifdef HAVE_STDINT_H
| # include <stdint.h>
| #endif
| #ifdef HAVE_UNISTD_H
| # include <unistd.h>
| #endif
| #include <reed_sol.h>
configure:11707: result: no
configure:11707: checking reed_sol.h presence
configure:11707: gcc -E  conftest.c
conftest.c:24:22: error: reed_sol.h: No such file or directory
configure:11707: $? = 1
configure: failed program was:
| /* confdefs.h */
| #define PACKAGE_NAME "c_eclib"
| #define PACKAGE_TARNAME "c_eclib"
| #define PACKAGE_VERSION "0.2"
| #define PACKAGE_STRING "c_eclib 0.2"
| #define PACKAGE_BUGREPORT ""
| #define PACKAGE_URL ""
| #define PACKAGE "c_eclib"
| #define VERSION "0.2"
| #define STDC_HEADERS 1
| #define HAVE_SYS_TYPES_H 1
| #define HAVE_SYS_STAT_H 1
| #define HAVE_STDLIB_H 1
| #define HAVE_STRING_H 1
| #define HAVE_MEMORY_H 1
| #define HAVE_STRINGS_H 1
| #define HAVE_INTTYPES_H 1
| #define HAVE_STDINT_H 1
| #define HAVE_UNISTD_H 1
| #define HAVE_DLFCN_H 1
| #define LT_OBJDIR ".libs/"
| #define HAVE_CAUCHY_H 1
| /* end confdefs.h.  */
| #include <reed_sol.h>
configure:11707: result: no
configure:11707: checking for reed_sol.h
configure:11707: result: no
configure:11707: checking gf_complete.h usability
configure:11707: gcc -c -g -O2  conftest.c >&5
conftest.c:57:25: error: gf_complete.h: No such file or directory
configure:11707: $? = 1
configure: failed program was:
| /* confdefs.h */
| #define PACKAGE_NAME "c_eclib"
| #define PACKAGE_TARNAME "c_eclib"
| #define PACKAGE_VERSION "0.2"
| #define PACKAGE_STRING "c_eclib 0.2"
| #define PACKAGE_BUGREPORT ""
| #define PACKAGE_URL ""
| #define PACKAGE "c_eclib"
| #define VERSION "0.2"
| #define STDC_HEADERS 1
| #define HAVE_SYS_TYPES_H 1
| #define HAVE_SYS_STAT_H 1
| #define HAVE_STDLIB_H 1
| #define HAVE_STRING_H 1
| #define HAVE_MEMORY_H 1
| #define HAVE_STRINGS_H 1
| #define HAVE_INTTYPES_H 1
| #define HAVE_STDINT_H 1
| #define HAVE_UNISTD_H 1
| #define HAVE_DLFCN_H 1
| #define LT_OBJDIR ".libs/"
| #define HAVE_CAUCHY_H 1
| /* end confdefs.h.  */
| #include <stdio.h>
| #ifdef HAVE_SYS_TYPES_H
| # include <sys/types.h>
| #endif
| #ifdef HAVE_SYS_STAT_H
| # include <sys/stat.h>
| #endif
| #ifdef STDC_HEADERS
| # include <stdlib.h>
| # include <stddef.h>
| #else
| # ifdef HAVE_STDLIB_H
| #  include <stdlib.h>
| # endif
| #endif
| #ifdef HAVE_STRING_H
| # if !defined STDC_HEADERS && defined HAVE_MEMORY_H
| #  include <memory.h>
| # endif
| # include <string.h>
| #endif
| #ifdef HAVE_STRINGS_H
| # include <strings.h>
| #endif
| #ifdef HAVE_INTTYPES_H
| # include <inttypes.h>
| #endif
| #ifdef HAVE_STDINT_H
| # include <stdint.h>
| #endif
| #ifdef HAVE_UNISTD_H
| # include <unistd.h>
| #endif
| #include <gf_complete.h>
configure:11707: result: no
configure:11707: checking gf_complete.h presence
configure:11707: gcc -E  conftest.c
conftest.c:24:25: error: gf_complete.h: No such file or directory
configure:11707: $? = 1
configure: failed program was:
| /* confdefs.h */
| #define PACKAGE_NAME "c_eclib"
| #define PACKAGE_TARNAME "c_eclib"
| #define PACKAGE_VERSION "0.2"
| #define PACKAGE_STRING "c_eclib 0.2"
| #define PACKAGE_BUGREPORT ""
| #define PACKAGE_URL ""
| #define PACKAGE "c_eclib"
| #define VERSION "0.2"
| #define STDC_HEADERS 1
| #define HAVE_SYS_TYPES_H 1
| #define HAVE_SYS_STAT_H 1
| #define HAVE_STDLIB_H 1
| #define HAVE_STRING_H 1
| #define HAVE_MEMORY_H 1
| #define HAVE_STRINGS_H 1
| #define HAVE_INTTYPES_H 1
| #define HAVE_STDINT_H 1
| #define HAVE_UNISTD_H 1
| #define HAVE_DLFCN_H 1
| #define LT_OBJDIR ".libs/"
| #define HAVE_CAUCHY_H 1
| /* end confdefs.h.  */
| #include <gf_complete.h>
configure:11707: result: no
configure:11707: checking for gf_complete.h
configure:11707: result: no
configure:11739: checking for x86 cpuid  output
configure:11768: gcc -o conftest -g -O2   conftest.c  >&5
conftest.c: In function 'main':
conftest.c:29: error: expected expression before ',' token
configure:11768: $? = 1
configure: program exited with status 1
configure: failed program was:
| /* confdefs.h */
| #define PACKAGE_NAME "c_eclib"
| #define PACKAGE_TARNAME "c_eclib"
| #define PACKAGE_VERSION "0.2"
| #define PACKAGE_STRING "c_eclib 0.2"
| #define PACKAGE_BUGREPORT ""
| #define PACKAGE_URL ""
| #define PACKAGE "c_eclib"
| #define VERSION "0.2"
| #define STDC_HEADERS 1
| #define HAVE_SYS_TYPES_H 1
| #define HAVE_SYS_STAT_H 1
| #define HAVE_STDLIB_H 1
| #define HAVE_STRING_H 1
| #define HAVE_MEMORY_H 1
| #define HAVE_STRINGS_H 1
| #define HAVE_INTTYPES_H 1
| #define HAVE_STDINT_H 1
| #define HAVE_UNISTD_H 1
| #define HAVE_DLFCN_H 1
| #define LT_OBJDIR ".libs/"
| #define HAVE_CAUCHY_H 1
| /* end confdefs.h.  */
| #include <stdio.h>
| int
| main ()
| {
| 
|      int op = , eax, ebx, ecx, edx;
|      FILE *f;
|       __asm__("cpuid"
|         : "=a" (eax), "=b" (ebx), "=c" (ecx), "=d" (edx)
|         : "a" (op));
|      f = fopen("conftest_cpuid", "w"); if (!f) return 1;
|      fprintf(f, "%x:%x:%x:%x\n", eax, ebx, ecx, edx);
|      fclose(f);
|      return 0;
| 
|   ;
|   return 0;
| }
configure:11778: result: unknown
configure:11794: checking for x86-AVX xgetbv  output
configure:11824: gcc -o conftest -g -O2   conftest.c  >&5
conftest.c: In function 'main':
conftest.c:29: error: expected expression before ',' token
configure:11824: $? = 1
configure: program exited with status 1
configure: failed program was:
| /* confdefs.h */
| #define PACKAGE_NAME "c_eclib"
| #define PACKAGE_TARNAME "c_eclib"
| #define PACKAGE_VERSION "0.2"
| #define PACKAGE_STRING "c_eclib 0.2"
| #define PACKAGE_BUGREPORT ""
| #define PACKAGE_URL ""
| #define PACKAGE "c_eclib"
| #define VERSION "0.2"
| #define STDC_HEADERS 1
| #define HAVE_SYS_TYPES_H 1
| #define HAVE_SYS_STAT_H 1
| #define HAVE_STDLIB_H 1
| #define HAVE_STRING_H 1
| #define HAVE_MEMORY_H 1
| #define HAVE_STRINGS_H 1
| #define HAVE_INTTYPES_H 1
| #define HAVE_STDINT_H 1
| #define HAVE_UNISTD_H 1
| #define HAVE_DLFCN_H 1
| #define LT_OBJDIR ".libs/"
| #define HAVE_CAUCHY_H 1
| /* end confdefs.h.  */
| #include <stdio.h>
| int
| main ()
| {
| 
|      int op = , eax, edx;
|      FILE *f;
|       /* Opcodes for xgetbv */
|       __asm__(".byte 0x0f, 0x01, 0xd0"
|         : "=a" (eax), "=d" (edx)
|         : "c" (op));
|      f = fopen("conftest_xgetbv", "w"); if (!f) return 1;
|      fprintf(f, "%x:%x\n", eax, edx);
|      fclose(f);
|      return 0;
| 
|   ;
|   return 0;
| }
configure:11834: result: unknown
configure:11919: checking for x86 cpuid 0x00000001 output
configure:11948: gcc -o conftest -g -O2   conftest.c  >&5
configure:11948: $? = 0
configure:11948: ./conftest
configure:11948: $? = 0
configure:11958: result: 306a9:2100800:7fbae3ff:bfebfbff
configure:11970: checking whether mmx is supported
configure:11982: result: yes
configure:11985: checking whether sse is supported
configure:11997: result: yes
configure:12000: checking whether sse2 is supported
configure:12012: result: yes
configure:12015: checking whether sse3 is supported
configure:12027: result: yes
configure:12030: checking whether ssse3 is supported
configure:12042: result: yes
configure:12045: checking whether sse4.1 is supported
configure:12057: result: yes
configure:12060: checking whether sse4.2 is supported
configure:12072: result: yes
configure:12075: checking whether avx is supported by processor
configure:12087: result: yes
configure:12098: checking for x86-AVX xgetbv 0x00000000 output
configure:12128: gcc -o conftest -g -O2   conftest.c  >&5
configure:12128: $? = 0
configure:12128: ./conftest
configure:12128: $? = 0
configure:12138: result: 7:0
configure:12153: checking whether avx is supported by operating system
configure:12168: result: yes
configure:12177: checking whether C compiler accepts -mmmx
configure:12196: gcc -c -g -O2  -mmmx  conftest.c >&5
configure:12196: $? = 0
configure:12204: result: yes
configure:12228: checking whether C compiler accepts -msse
configure:12247: gcc -c -g -O2  -msse  conftest.c >&5
configure:12247: $? = 0
configure:12255: result: yes
configure:12275: checking whether C compiler accepts -msse2
configure:12294: gcc -c -g -O2  -msse2  conftest.c >&5
configure:12294: $? = 0
configure:12302: result: yes
configure:12322: checking whether C compiler accepts -msse3
configure:12341: gcc -c -g -O2  -msse3  conftest.c >&5
configure:12341: $? = 0
configure:12349: result: yes
configure:12369: checking whether C compiler accepts -mssse3
configure:12388: gcc -c -g -O2  -mssse3  conftest.c >&5
configure:12388: $? = 0
configure:12396: result: yes
configure:12416: checking whether C compiler accepts -msse4.1
configure:12435: gcc -c -g -O2  -msse4.1  conftest.c >&5
configure:12435: $? = 0
configure:12443: result: yes
configure:12463: checking whether C compiler accepts -msse4.2
configure:12482: gcc -c -g -O2  -msse4.2  conftest.c >&5
configure:12482: $? = 0
configure:12490: result: yes
configure:12510: checking whether C compiler accepts -mavx
configure:12529: gcc -c -g -O2  -mavx  conftest.c >&5
cc1: error: unrecognized command line option "-mavx"
configure:12529: $? = 1
configure: failed program was:
| /* confdefs.h */
| #define PACKAGE_NAME "c_eclib"
| #define PACKAGE_TARNAME "c_eclib"
| #define PACKAGE_VERSION "0.2"
| #define PACKAGE_STRING "c_eclib 0.2"
| #define PACKAGE_BUGREPORT ""
| #define PACKAGE_URL ""
| #define PACKAGE "c_eclib"
| #define VERSION "0.2"
| #define STDC_HEADERS 1
| #define HAVE_SYS_TYPES_H 1
| #define HAVE_SYS_STAT_H 1
| #define HAVE_STDLIB_H 1
| #define HAVE_STRING_H 1
| #define HAVE_MEMORY_H 1
| #define HAVE_STRINGS_H 1
| #define HAVE_INTTYPES_H 1
| #define HAVE_STDINT_H 1
| #define HAVE_UNISTD_H 1
| #define HAVE_DLFCN_H 1
| #define LT_OBJDIR ".libs/"
| #define HAVE_CAUCHY_H 1
| #define HAVE_MMX /**/
| #define HAVE_SSE /**/
| #define HAVE_SSE2 /**/
| #define HAVE_SSE3 /**/
| #define HAVE_SSSE3 /**/
| #define HAVE_SSE4_1 /**/
| #define HAVE_SSE4_2 /**/
| /* end confdefs.h.  */
| 
| int
| main ()
| {
| 
|   ;
|   return 0;
| }
configure:12537: result: no
configure:12551: WARNING: Your processor supports avx instructions but not your compiler, can you try another compiler?
configure:12673: checking that generated files are newer than configure
configure:12679: result: done
configure:12698: creating ./config.status

## ---------------------- ##
## Running config.status. ##
## ---------------------- ##

This file was extended by c_eclib config.status 0.2, which was
generated by GNU Autoconf 2.69.  Invocation command line was

  CONFIG_FILES    = 
  CONFIG_HEADERS  = 
  CONFIG_LINKS    = 
  CONFIG_COMMANDS = 
  $ ./config.status 

on kgreenan-mbp.local

config.status:1081: creating Makefile
config.status:1081: creating xor_codes/Makefile
config.status:1081: creating alg_sig/Makefile
config.status:1081: creating gf-complete/Makefile
config.status:1081: creating jerasure/Makefile
config.status:1081: creating include/config.h
config.status:1310: executing libtool commands

## ---------------- ##
## Cache variables. ##
## ---------------- ##

ac_cv_build=x86_64-apple-darwin12.3.0
ac_cv_c_compiler_gnu=yes
ac_cv_env_CC_set=
ac_cv_env_CC_value=
ac_cv_env_CFLAGS_set=
ac_cv_env_CFLAGS_value=
ac_cv_env_CPPFLAGS_set=
ac_cv_env_CPPFLAGS_value=
ac_cv_env_CPP_set=
ac_cv_env_CPP_value=
ac_cv_env_LDFLAGS_set=
ac_cv_env_LDFLAGS_value=
ac_cv_env_LIBS_set=
ac_cv_env_LIBS_value=
ac_cv_env_build_alias_set=
ac_cv_env_build_alias_value=
ac_cv_env_host_alias_set=
ac_cv_env_host_alias_value=
ac_cv_env_target_alias_set=
ac_cv_env_target_alias_value=
ac_cv_header_cauchy_h=yes
ac_cv_header_dlfcn_h=yes
ac_cv_header_galois_h=no
ac_cv_header_gf_complete_h=no
ac_cv_header_inttypes_h=yes
ac_cv_header_jerasure_h=no
ac_cv_header_liberation_h=no
ac_cv_header_memory_h=yes
ac_cv_header_reed_sol_h=no
ac_cv_header_stdc=yes
ac_cv_header_stdint_h=yes
ac_cv_header_stdlib_h=yes
ac_cv_header_string_h=yes
ac_cv_header_strings_h=yes
ac_cv_header_sys_stat_h=yes
ac_cv_header_sys_types_h=yes
ac_cv_header_unistd_h=yes
ac_cv_host=x86_64-apple-darwin12.3.0
ac_cv_objext=o
ac_cv_path_EGREP='/usr/bin/grep -E'
ac_cv_path_FGREP='/usr/bin/grep -F'
ac_cv_path_GREP=/usr/bin/grep
ac_cv_path_SED=/usr/bin/sed
ac_cv_path_install='/usr/bin/install -c'
ac_cv_prog_AWK=awk
ac_cv_prog_CPP='gcc -E'
ac_cv_prog_ac_ct_AR=ar
ac_cv_prog_ac_ct_CC=gcc
ac_cv_prog_ac_ct_DSYMUTIL=dsymutil
ac_cv_prog_ac_ct_LIPO=lipo
ac_cv_prog_ac_ct_NMEDIT=nmedit
ac_cv_prog_ac_ct_OTOOL=otool
ac_cv_prog_ac_ct_RANLIB=ranlib
ac_cv_prog_ac_ct_STRIP=strip
ac_cv_prog_cc_c89=
ac_cv_prog_cc_g=yes
ac_cv_prog_make_make_set=yes
am_cv_make_support_nested_variables=yes
ax_cv_check_cflags___mavx=no
ax_cv_check_cflags___mmmx=yes
ax_cv_check_cflags___msse2=yes
ax_cv_check_cflags___msse3=yes
ax_cv_check_cflags___msse4_1=yes
ax_cv_check_cflags___msse4_2=yes
ax_cv_check_cflags___msse=yes
ax_cv_check_cflags___mssse3=yes
ax_cv_gcc_x86_avx_xgetbv_0x00000000=7:0
ax_cv_gcc_x86_avx_xgetbv_=unknown
ax_cv_gcc_x86_cpuid_0x00000001=306a9:2100800:7fbae3ff:bfebfbff
ax_cv_gcc_x86_cpuid_=unknown
ax_cv_have_avx_cpu_ext=yes
ax_cv_have_avx_ext=yes
ax_cv_have_mmx_ext=yes
ax_cv_have_sse2_ext=yes
ax_cv_have_sse3_ext=yes
ax_cv_have_sse41_ext=yes
ax_cv_have_sse42_ext=yes
ax_cv_have_sse_ext=yes
ax_cv_have_ssse3_ext=yes
ax_cv_support_mmx_ext=yes
ax_cv_support_sse2_ext=yes
ax_cv_support_sse3_ext=yes
ax_cv_support_sse41_ext=yes
ax_cv_support_sse42_ext=yes
ax_cv_support_sse_ext=yes
ax_cv_support_ssse3_ext=yes
lt_cv_apple_cc_single_mod=yes
lt_cv_ar_at_file=no
lt_cv_deplibs_check_method=pass_all
lt_cv_file_magic_cmd='$MAGIC_CMD'
lt_cv_file_magic_test_file=
lt_cv_ld_exported_symbols_list=yes
lt_cv_ld_force_load=yes
lt_cv_ld_reload_flag=-r
lt_cv_nm_interface='BSD nm'
lt_cv_objdir=.libs
lt_cv_path_LD=/Applications/Xcode.app/Contents/Developer/usr/llvm-gcc-4.2/libexec/gcc/i686-apple-darwin11/4.2.1/ld
lt_cv_path_NM=/Applications/Xcode.app/Contents/Developer/usr/bin/nm
lt_cv_path_mainfest_tool=no
lt_cv_prog_compiler_c_o=yes
lt_cv_prog_compiler_pic='-fno-common -DPIC'
lt_cv_prog_compiler_pic_works=yes
lt_cv_prog_compiler_rtti_exceptions=no
lt_cv_prog_compiler_static_works=no
lt_cv_prog_gnu_ld=no
lt_cv_sharedlib_from_linklib_cmd='printf %s\n'
lt_cv_sys_global_symbol_pipe='sed -n -e '\''s/^.*[	 ]\([BCDEGRST][BCDEGRST]*\)[	 ][	 ]*_\([_A-Za-z][_A-Za-z0-9]*\)$/\1 _\2 \2/p'\'' | sed '\''/ __gnu_lto/d'\'''
lt_cv_sys_global_symbol_to_c_name_address='sed -n -e '\''s/^: \([^ ]*\)[ ]*$/  {\"\1\", (void *) 0},/p'\'' -e '\''s/^[BCDEGRST]* \([^ ]*\) \([^ ]*\)$/  {"\2", (void *) \&\2},/p'\'''
lt_cv_sys_global_symbol_to_c_name_address_lib_prefix='sed -n -e '\''s/^: \([^ ]*\)[ ]*$/  {\"\1\", (void *) 0},/p'\'' -e '\''s/^[BCDEGRST]* \([^ ]*\) \(lib[^ ]*\)$/  {"\2", (void *) \&\2},/p'\'' -e '\''s/^[BCDEGRST]* \([^ ]*\) \([^ ]*\)$/  {"lib\2", (void *) \&\2},/p'\'''
lt_cv_sys_global_symbol_to_cdecl='sed -n -e '\''s/^T .* \(.*\)$/extern int \1();/p'\'' -e '\''s/^[BCDEGRST]* .* \(.*\)$/extern char \1;/p'\'''
lt_cv_sys_max_cmd_len=196608
lt_cv_to_host_file_cmd=func_convert_file_noop
lt_cv_to_tool_file_cmd=func_convert_file_noop

## ----------------- ##
## Output variables. ##
## ----------------- ##

ACLOCAL='${SHELL} /Users/kgreenan/Projects/pyeclib/c_eclib-0.2/missing aclocal-1.13'
AMTAR='$${TAR-tar}'
AM_BACKSLASH='\'
AM_DEFAULT_V='$(AM_DEFAULT_VERBOSITY)'
AM_DEFAULT_VERBOSITY='1'
AM_V='$(V)'
AR='ar'
AUTOCONF='${SHELL} /Users/kgreenan/Projects/pyeclib/c_eclib-0.2/missing autoconf'
AUTOHEADER='${SHELL} /Users/kgreenan/Projects/pyeclib/c_eclib-0.2/missing autoheader'
AUTOMAKE='${SHELL} /Users/kgreenan/Projects/pyeclib/c_eclib-0.2/missing automake-1.13'
AWK='awk'
CC='gcc'
CFLAGS='-g -O2'
CPP='gcc -E'
CPPFLAGS=''
CYGPATH_W='echo'
DEFS='-DHAVE_CONFIG_H'
DLLTOOL='false'
DSYMUTIL='dsymutil'
DUMPBIN=''
ECHO_C='\c'
ECHO_N=''
ECHO_T=''
EGREP='/usr/bin/grep -E'
EXEEXT=''
FGREP='/usr/bin/grep -F'
GREP='/usr/bin/grep'
INSTALL_DATA='${INSTALL} -m 644'
INSTALL_PROGRAM='${INSTALL}'
INSTALL_SCRIPT='${INSTALL}'
INSTALL_STRIP_PROGRAM='$(install_sh) -c -s'
LD='/Applications/Xcode.app/Contents/Developer/usr/llvm-gcc-4.2/libexec/gcc/i686-apple-darwin11/4.2.1/ld'
LDFLAGS=''
LIBOBJS=''
LIBS=''
LIBTOOL='$(SHELL) $(top_builddir)/libtool'
LIPO='lipo'
LN_S='ln -s'
LTLIBOBJS=''
MAINT='#'
MAINTAINER_MODE_FALSE=''
MAINTAINER_MODE_TRUE='#'
MAKEINFO='${SHELL} /Users/kgreenan/Projects/pyeclib/c_eclib-0.2/missing makeinfo'
MANIFEST_TOOL=':'
MKDIR_P='./install-sh -c -d'
NM='/Applications/Xcode.app/Contents/Developer/usr/bin/nm'
NMEDIT='nmedit'
OBJDUMP='false'
OBJEXT='o'
OTOOL64=':'
OTOOL='otool'
PACKAGE='c_eclib'
PACKAGE_BUGREPORT=''
PACKAGE_NAME='c_eclib'
PACKAGE_STRING='c_eclib 0.2'
PACKAGE_TARNAME='c_eclib'
PACKAGE_URL=''
PACKAGE_VERSION='0.2'
PATH_SEPARATOR=':'
RANLIB='ranlib'
SED='/usr/bin/sed'
SET_MAKE=''
SHELL='/bin/sh'
SIMD_FLAGS=' -mmmx -msse -DINTEL_SSE -msse2 -DINTEL_SSE2 -msse3 -DINTEL_SSE3 -mssse3 -msse4.1 -DINTEL_SSE4 -msse4.2 -DINTEL_SSE4'
STRIP='strip'
VERSION='0.2'
ac_ct_AR='ar'
ac_ct_CC='gcc'
ac_ct_DUMPBIN=''
am__EXEEXT_FALSE=''
am__EXEEXT_TRUE='#'
am__isrc=''
am__leading_dot='.'
am__tar='$${TAR-tar} chof - "$$tardir"'
am__untar='$${TAR-tar} xf -'
bindir='${exec_prefix}/bin'
build='x86_64-apple-darwin12.3.0'
build_alias=''
build_cpu='x86_64'
build_os='darwin12.3.0'
build_vendor='apple'
datadir='${datarootdir}'
datarootdir='${prefix}/share'
docdir='${datarootdir}/doc/${PACKAGE_TARNAME}'
dvidir='${docdir}'
exec_prefix='${prefix}'
host='x86_64-apple-darwin12.3.0'
host_alias=''
host_cpu='x86_64'
host_os='darwin12.3.0'
host_vendor='apple'
htmldir='${docdir}'
includedir='${prefix}/include'
infodir='${datarootdir}/info'
install_sh='${SHELL} /Users/kgreenan/Projects/pyeclib/c_eclib-0.2/install-sh'
libdir='${exec_prefix}/lib'
libexecdir='${exec_prefix}/libexec'
localedir='${datarootdir}/locale'
localstatedir='${prefix}/var'
mandir='${datarootdir}/man'
mkdir_p='$(MKDIR_P)'
oldincludedir='/usr/include'
pdfdir='${docdir}'
prefix='/usr/local'
program_transform_name='s,x,x,'
psdir='${docdir}'
sbindir='${exec_prefix}/sbin'
sharedstatedir='${prefix}/com'
sysconfdir='${prefix}/etc'
target_alias=''

## ----------- ##
## confdefs.h. ##
## ----------- ##

/* confdefs.h */
#define PACKAGE_NAME "c_eclib"
#define PACKAGE_TARNAME "c_eclib"
#define PACKAGE_VERSION "0.2"
#define PACKAGE_STRING "c_eclib 0.2"
#define PACKAGE_BUGREPORT ""
#define PACKAGE_URL ""
#define PACKAGE "c_eclib"
#define VERSION "0.2"
#define STDC_HEADERS 1
#define HAVE_SYS_TYPES_H 1
#define HAVE_SYS_STAT_H 1
#define HAVE_STDLIB_H 1
#define HAVE_STRING_H 1
#define HAVE_MEMORY_H 1
#define HAVE_STRINGS_H 1
#define HAVE_INTTYPES_H 1
#define HAVE_STDINT_H 1
#define HAVE_UNISTD_H 1
#define HAVE_DLFCN_H 1
#define LT_OBJDIR ".libs/"
#define HAVE_CAUCHY_H 1
#define HAVE_MMX /**/
#define HAVE_SSE /**/
#define HAVE_SSE2 /**/
#define HAVE_SSE3 /**/
#define HAVE_SSSE3 /**/
#define HAVE_SSE4_1 /**/
#define HAVE_SSE4_2 /**/

configure: exit 0
